<?xml version="1.0" encoding="UTF-8"?>
<testsuites name="Test Kontrak Harga Satuan" time="1701.467" tests="25" failures="0" errors="0">
   <testsuite name="Test Kontrak Harga Satuan" tests="25" failures="0" errors="0" time="1701.467" skipped="0" timestamp="2024-07-17 09:39:22" hostname="PTI - DESKTOP-RE4FFTK" id="Test Suites/Test Kontrak Harga Satuan">
      <properties>
[...]
</properties>
      <testcase name="Test Cases/Login" time="56.857" classname="Test Cases/Login" status="PASSED">
         <system-out><![CDATA[2024-07-17 09:39:23 - [TEST_CASE][PASSED] - Test Cases/Login: Test Cases/Login

2024-07-17 09:39:24 - [TEST_STEP][PASSED] - openBrowser(""): Browser is opened with url: ''

2024-07-17 09:39:25 - [MESSAGE][INFO] - Starting 'Chrome' driver

2024-07-17 09:39:25 - [MESSAGE][INFO] - Action delay is set to 0 milliseconds

2024-07-17 09:39:31 - [MESSAGE][PASSED] - Browser is opened with url: ''

2024-07-17 09:39:31 - [TEST_STEP][PASSED] - navigateToUrl("http://10.7.1.169/"): Navigate to 'http://10.7.1.169/' successfully

2024-07-17 09:39:34 - [MESSAGE][PASSED] - Navigate to 'http://10.7.1.169/' successfully

2024-07-17 09:39:34 - [TEST_STEP][PASSED] - setText(findTestObject("Object Repository/Login/Page_FinUP (Financial Integrated Applicatio_e626e9/input_Financial Integrated Applications - N_61d5e8"), "admin"): Text 'admin' is set on object 'Object Repository/Login/Page_FinUP (Financial Integrated Applicatio_e626e9/input_Financial Integrated Applications - N_61d5e8'

2024-07-17 09:39:35 - [MESSAGE][PASSED] - Text 'admin' is set on object 'Object Repository/Login/Page_FinUP (Financial Integrated Applicatio_e626e9/input_Financial Integrated Applications - N_61d5e8'

2024-07-17 09:39:35 - [TEST_STEP][PASSED] - takeFullPageScreenshot(): Taking screenshot successfully

2024-07-17 09:39:36 - [MESSAGE][INFO] - 0 hidden object(s)

2024-07-17 09:39:36 - [MESSAGE][PASSED] - Taking screenshot successfully
[[ATTACHMENT|C:\\Users\\PTI\\Katalon Studio\\Testing-2-master\\Reports\\20240717_093915\\Test Kontrak Harga Satuan\\20240717_093915\\1721183975835.png]]

2024-07-17 09:39:36 - [TEST_STEP][PASSED] - setEncryptedText(findTestObject("Object Repository/Login/Page_FinUP (Financial Integrated Applicatio_e626e9/input_Financial Integrated Applications - N_61d5e8_1"), "RAIVpflpDOg="): Text ****** has been set on object 'Object Repository/Login/Page_FinUP (Financial Integrated Applicatio_e626e9/input_Financial Integrated Applications - N_61d5e8_1'

2024-07-17 09:39:37 - [MESSAGE][PASSED] - Text ****** has been set on object 'Object Repository/Login/Page_FinUP (Financial Integrated Applicatio_e626e9/input_Financial Integrated Applications - N_61d5e8_1'

2024-07-17 09:39:37 - [TEST_STEP][PASSED] - takeFullPageScreenshot(): Taking screenshot successfully

2024-07-17 09:39:37 - [MESSAGE][INFO] - 0 hidden object(s)

2024-07-17 09:39:38 - [MESSAGE][PASSED] - Taking screenshot successfully
[[ATTACHMENT|C:\\Users\\PTI\\Katalon Studio\\Testing-2-master\\Reports\\20240717_093915\\Test Kontrak Harga Satuan\\20240717_093915\\1721183977371.png]]

2024-07-17 09:39:38 - [TEST_STEP][PASSED] - enhancedClick(findTestObject("Object Repository/Login/Page_FinUP (Financial Integrated Applicatio_e626e9/span_Sign In_p-ink p-ink-active")): Object: 'Object Repository/Login/Page_FinUP (Financial Integrated Applicatio_e626e9/span_Sign In_p-ink p-ink-active' is clicked on

2024-07-17 09:40:08 - [MESSAGE][PASSED] - Object: 'Object Repository/Login/Page_FinUP (Financial Integrated Applicatio_e626e9/span_Sign In_p-ink p-ink-active' is clicked on

2024-07-17 09:40:08 - [TEST_STEP][PASSED] - delay(10): Delayed 10 second(s)

2024-07-17 09:40:19 - [MESSAGE][PASSED] - Delayed 10 second(s)

2024-07-17 09:40:19 - [TEST_STEP][PASSED] - takeFullPageScreenshot(STOP_ON_FAILURE): Taking screenshot successfully

2024-07-17 09:40:19 - [MESSAGE][INFO] - 0 hidden object(s)

2024-07-17 09:40:20 - [MESSAGE][PASSED] - Taking screenshot successfully
[[ATTACHMENT|C:\\Users\\PTI\\Katalon Studio\\Testing-2-master\\Reports\\20240717_093915\\Test Kontrak Harga Satuan\\20240717_093915\\1721184019121.png]]]]></system-out>
         <system-err><![CDATA[]]></system-err>
      </testcase>
      <testcase name="Test Cases/Form Kontrak Payung/Test Tambah Daftar Kontrak Payung" time="82.923" classname="Test Cases/Form Kontrak Payung/Test Tambah Daftar Kontrak Payung" status="PASSED">
         <system-out><![CDATA[2024-07-17 09:40:20 - [TEST_CASE][PASSED] - Test Cases/Form Kontrak Payung/Test Tambah Daftar Kontrak Payung: Test Cases/Form Kontrak Payung/Test Tambah Daftar Kontrak Payung

2024-07-17 09:40:21 - [TEST_STEP][PASSED] - openBrowser(""): Browser is opened with url: ''

2024-07-17 09:40:21 - [MESSAGE][WARNING] - A browser is already opened. Closing browser and opening a new one

2024-07-17 09:40:22 - [MESSAGE][INFO] - Starting 'Chrome' driver

2024-07-17 09:40:22 - [MESSAGE][INFO] - Action delay is set to 0 milliseconds

2024-07-17 09:40:24 - [MESSAGE][PASSED] - Browser is opened with url: ''

2024-07-17 09:40:24 - [TEST_STEP][PASSED] - navigateToUrl("http://10.7.1.169/"): Navigate to 'http://10.7.1.169/' successfully

2024-07-17 09:40:26 - [MESSAGE][PASSED] - Navigate to 'http://10.7.1.169/' successfully

2024-07-17 09:40:26 - [TEST_STEP][PASSED] - setText(findTestObject("Object Repository/Test Tambah Daftfar Kontrak Payung/Page_FinUP (Financial Integrated Applicatio_e626e9/input_Financial Integrated Applications - N_61d5e8"), "admin"): Text 'admin' is set on object 'Object Repository/Test Tambah Daftfar Kontrak Payung/Page_FinUP (Financial Integrated Applicatio_e626e9/input_Financial Integrated Applications - N_61d5e8'

2024-07-17 09:40:29 - [MESSAGE][PASSED] - Text 'admin' is set on object 'Object Repository/Test Tambah Daftfar Kontrak Payung/Page_FinUP (Financial Integrated Applicatio_e626e9/input_Financial Integrated Applications - N_61d5e8'

2024-07-17 09:40:29 - [TEST_STEP][PASSED] - takeFullPageScreenshot(): Taking screenshot successfully

2024-07-17 09:40:29 - [MESSAGE][INFO] - 0 hidden object(s)

2024-07-17 09:40:29 - [MESSAGE][PASSED] - Taking screenshot successfully
[[ATTACHMENT|C:\\Users\\PTI\\Katalon Studio\\Testing-2-master\\Reports\\20240717_093915\\Test Kontrak Harga Satuan\\20240717_093915\\1721184029270.png]]

2024-07-17 09:40:29 - [TEST_STEP][PASSED] - setEncryptedText(findTestObject("Object Repository/Test Tambah Daftfar Kontrak Payung/Page_FinUP (Financial Integrated Applicatio_e626e9/input_Financial Integrated Applications - N_61d5e8_1"), "RAIVpflpDOg="): Text ****** has been set on object 'Object Repository/Test Tambah Daftfar Kontrak Payung/Page_FinUP (Financial Integrated Applicatio_e626e9/input_Financial Integrated Applications - N_61d5e8_1'

2024-07-17 09:40:30 - [MESSAGE][PASSED] - Text ****** has been set on object 'Object Repository/Test Tambah Daftfar Kontrak Payung/Page_FinUP (Financial Integrated Applicatio_e626e9/input_Financial Integrated Applications - N_61d5e8_1'

2024-07-17 09:40:30 - [TEST_STEP][PASSED] - takeFullPageScreenshot(): Taking screenshot successfully

2024-07-17 09:40:30 - [MESSAGE][INFO] - 0 hidden object(s)

2024-07-17 09:40:30 - [MESSAGE][PASSED] - Taking screenshot successfully
[[ATTACHMENT|C:\\Users\\PTI\\Katalon Studio\\Testing-2-master\\Reports\\20240717_093915\\Test Kontrak Harga Satuan\\20240717_093915\\1721184030449.png]]

2024-07-17 09:40:30 - [TEST_STEP][PASSED] - enhancedClick(findTestObject("Object Repository/Test Tambah Daftfar Kontrak Payung/Page_FinUP (Financial Integrated Applicatio_e626e9/span_Sign In_p-ink p-ink-active")): Object: 'Object Repository/Test Tambah Daftfar Kontrak Payung/Page_FinUP (Financial Integrated Applicatio_e626e9/span_Sign In_p-ink p-ink-active' is clicked on

2024-07-17 09:41:02 - [MESSAGE][PASSED] - Object: 'Object Repository/Test Tambah Daftfar Kontrak Payung/Page_FinUP (Financial Integrated Applicatio_e626e9/span_Sign In_p-ink p-ink-active' is clicked on

2024-07-17 09:41:02 - [TEST_STEP][PASSED] - delay(10): Delayed 10 second(s)

2024-07-17 09:41:12 - [MESSAGE][PASSED] - Delayed 10 second(s)

2024-07-17 09:41:12 - [TEST_STEP][PASSED] - takeFullPageScreenshot(): Taking screenshot successfully

2024-07-17 09:41:13 - [MESSAGE][INFO] - 0 hidden object(s)

2024-07-17 09:41:13 - [MESSAGE][PASSED] - Taking screenshot successfully
[[ATTACHMENT|C:\\Users\\PTI\\Katalon Studio\\Testing-2-master\\Reports\\20240717_093915\\Test Kontrak Harga Satuan\\20240717_093915\\1721184072649.png]]

2024-07-17 09:41:13 - [TEST_STEP][PASSED] - click(findTestObject("Object Repository/Test Tambah Daftfar Kontrak Payung/Page_FinUP (Financial Integrated Applicatio_e626e9/div_Contract Management")): Object: 'Object Repository/Test Tambah Daftfar Kontrak Payung/Page_FinUP (Financial Integrated Applicatio_e626e9/div_Contract Management' is clicked on

2024-07-17 09:41:14 - [MESSAGE][PASSED] - Object: 'Object Repository/Test Tambah Daftfar Kontrak Payung/Page_FinUP (Financial Integrated Applicatio_e626e9/div_Contract Management' is clicked on

2024-07-17 09:41:14 - [TEST_STEP][PASSED] - takeFullPageScreenshot(): Taking screenshot successfully

2024-07-17 09:41:15 - [MESSAGE][INFO] - 0 hidden object(s)

2024-07-17 09:41:15 - [MESSAGE][PASSED] - Taking screenshot successfully
[[ATTACHMENT|C:\\Users\\PTI\\Katalon Studio\\Testing-2-master\\Reports\\20240717_093915\\Test Kontrak Harga Satuan\\20240717_093915\\1721184074093.png]]

2024-07-17 09:41:15 - [TEST_STEP][PASSED] - enhancedClick(findTestObject("Object Repository/Test Tambah Daftfar Kontrak Payung/Page_FinUP (Financial Integrated Applicatio_e626e9/a_Kontrak Harga Satuan")): Object: 'Object Repository/Test Tambah Daftfar Kontrak Payung/Page_FinUP (Financial Integrated Applicatio_e626e9/a_Kontrak Harga Satuan' is clicked on

2024-07-17 09:41:15 - [MESSAGE][PASSED] - Object: 'Object Repository/Test Tambah Daftfar Kontrak Payung/Page_FinUP (Financial Integrated Applicatio_e626e9/a_Kontrak Harga Satuan' is clicked on

2024-07-17 09:41:15 - [TEST_STEP][PASSED] - takeFullPageScreenshot(): Taking screenshot successfully

2024-07-17 09:41:16 - [MESSAGE][INFO] - 0 hidden object(s)

2024-07-17 09:41:16 - [MESSAGE][PASSED] - Taking screenshot successfully
[[ATTACHMENT|C:\\Users\\PTI\\Katalon Studio\\Testing-2-master\\Reports\\20240717_093915\\Test Kontrak Harga Satuan\\20240717_093915\\1721184075737.png]]

2024-07-17 09:41:16 - [TEST_STEP][PASSED] - click(findTestObject("Object Repository/Test Tambah Daftfar Kontrak Payung/Page_FinUP (Financial Integrated Applicatio_e626e9/button_Baru")): Object: 'Object Repository/Test Tambah Daftfar Kontrak Payung/Page_FinUP (Financial Integrated Applicatio_e626e9/button_Baru' is clicked on

2024-07-17 09:41:17 - [MESSAGE][PASSED] - Object: 'Object Repository/Test Tambah Daftfar Kontrak Payung/Page_FinUP (Financial Integrated Applicatio_e626e9/button_Baru' is clicked on

2024-07-17 09:41:17 - [TEST_STEP][PASSED] - takeFullPageScreenshot(): Taking screenshot successfully

2024-07-17 09:41:17 - [MESSAGE][INFO] - 0 hidden object(s)

2024-07-17 09:41:17 - [MESSAGE][PASSED] - Taking screenshot successfully
[[ATTACHMENT|C:\\Users\\PTI\\Katalon Studio\\Testing-2-master\\Reports\\20240717_093915\\Test Kontrak Harga Satuan\\20240717_093915\\1721184077340.png]]

2024-07-17 09:41:17 - [TEST_STEP][PASSED] - click(findTestObject("Object Repository/Test Tambah Daftfar Kontrak Payung/Page_FinUP (Financial Integrated Applicatio_e626e9/div_-- Pilih --_p-dropdown-trigger ng-tns-c70-25")): Object: 'Object Repository/Test Tambah Daftfar Kontrak Payung/Page_FinUP (Financial Integrated Applicatio_e626e9/div_-- Pilih --_p-dropdown-trigger ng-tns-c70-25' is clicked on

2024-07-17 09:41:18 - [MESSAGE][PASSED] - Object: 'Object Repository/Test Tambah Daftfar Kontrak Payung/Page_FinUP (Financial Integrated Applicatio_e626e9/div_-- Pilih --_p-dropdown-trigger ng-tns-c70-25' is clicked on

2024-07-17 09:41:18 - [TEST_STEP][PASSED] - takeFullPageScreenshot(): Taking screenshot successfully

2024-07-17 09:41:18 - [MESSAGE][INFO] - 0 hidden object(s)

2024-07-17 09:41:18 - [MESSAGE][PASSED] - Taking screenshot successfully
[[ATTACHMENT|C:\\Users\\PTI\\Katalon Studio\\Testing-2-master\\Reports\\20240717_093915\\Test Kontrak Harga Satuan\\20240717_093915\\1721184078470.png]]

2024-07-17 09:41:18 - [TEST_STEP][PASSED] - enhancedClick(findTestObject("Object Repository/Test Tambah Daftfar Kontrak Payung/Page_FinUP (Financial Integrated Applicatio_e626e9/li_1 - Jenis 003")): Object: 'Object Repository/Test Tambah Daftfar Kontrak Payung/Page_FinUP (Financial Integrated Applicatio_e626e9/li_1 - Jenis 003' is clicked on

2024-07-17 09:41:19 - [MESSAGE][PASSED] - Object: 'Object Repository/Test Tambah Daftfar Kontrak Payung/Page_FinUP (Financial Integrated Applicatio_e626e9/li_1 - Jenis 003' is clicked on

2024-07-17 09:41:19 - [TEST_STEP][PASSED] - takeFullPageScreenshot(): Taking screenshot successfully

2024-07-17 09:41:19 - [MESSAGE][INFO] - 0 hidden object(s)

2024-07-17 09:41:19 - [MESSAGE][PASSED] - Taking screenshot successfully
[[ATTACHMENT|C:\\Users\\PTI\\Katalon Studio\\Testing-2-master\\Reports\\20240717_093915\\Test Kontrak Harga Satuan\\20240717_093915\\1721184079463.png]]

2024-07-17 09:41:19 - [TEST_STEP][PASSED] - click(findTestObject("Object Repository/Test Tambah Daftfar Kontrak Payung/Page_FinUP (Financial Integrated Applicatio_e626e9/button_")): Object: 'Object Repository/Test Tambah Daftfar Kontrak Payung/Page_FinUP (Financial Integrated Applicatio_e626e9/button_' is clicked on

2024-07-17 09:41:20 - [MESSAGE][PASSED] - Object: 'Object Repository/Test Tambah Daftfar Kontrak Payung/Page_FinUP (Financial Integrated Applicatio_e626e9/button_' is clicked on

2024-07-17 09:41:20 - [TEST_STEP][PASSED] - takeFullPageScreenshot(): Taking screenshot successfully

2024-07-17 09:41:20 - [MESSAGE][INFO] - 0 hidden object(s)

2024-07-17 09:41:20 - [MESSAGE][PASSED] - Taking screenshot successfully
[[ATTACHMENT|C:\\Users\\PTI\\Katalon Studio\\Testing-2-master\\Reports\\20240717_093915\\Test Kontrak Harga Satuan\\20240717_093915\\1721184080449.png]]

2024-07-17 09:41:20 - [TEST_STEP][PASSED] - click(findTestObject("Object Repository/Test Tambah Daftfar Kontrak Payung/Page_FinUP (Financial Integrated Applicatio_e626e9/span_17")): Object: 'Object Repository/Test Tambah Daftfar Kontrak Payung/Page_FinUP (Financial Integrated Applicatio_e626e9/span_17' is clicked on

2024-07-17 09:41:21 - [MESSAGE][PASSED] - Object: 'Object Repository/Test Tambah Daftfar Kontrak Payung/Page_FinUP (Financial Integrated Applicatio_e626e9/span_17' is clicked on

2024-07-17 09:41:21 - [TEST_STEP][PASSED] - takeFullPageScreenshot(): Taking screenshot successfully

2024-07-17 09:41:22 - [MESSAGE][INFO] - 0 hidden object(s)

2024-07-17 09:41:22 - [MESSAGE][PASSED] - Taking screenshot successfully
[[ATTACHMENT|C:\\Users\\PTI\\Katalon Studio\\Testing-2-master\\Reports\\20240717_093915\\Test Kontrak Harga Satuan\\20240717_093915\\1721184081622.png]]

2024-07-17 09:41:22 - [TEST_STEP][PASSED] - click(findTestObject("Object Repository/Test Tambah Daftfar Kontrak Payung/Page_FinUP (Financial Integrated Applicatio_e626e9/button_")): Object: 'Object Repository/Test Tambah Daftfar Kontrak Payung/Page_FinUP (Financial Integrated Applicatio_e626e9/button_' is clicked on

2024-07-17 09:41:22 - [MESSAGE][PASSED] - Object: 'Object Repository/Test Tambah Daftfar Kontrak Payung/Page_FinUP (Financial Integrated Applicatio_e626e9/button_' is clicked on

2024-07-17 09:41:22 - [TEST_STEP][PASSED] - takeFullPageScreenshot(): Taking screenshot successfully

2024-07-17 09:41:23 - [MESSAGE][INFO] - 0 hidden object(s)

2024-07-17 09:41:23 - [MESSAGE][PASSED] - Taking screenshot successfully
[[ATTACHMENT|C:\\Users\\PTI\\Katalon Studio\\Testing-2-master\\Reports\\20240717_093915\\Test Kontrak Harga Satuan\\20240717_093915\\1721184082911.png]]

2024-07-17 09:41:23 - [TEST_STEP][PASSED] - click(findTestObject("Object Repository/Test Tambah Daftfar Kontrak Payung/Page_FinUP (Financial Integrated Applicatio_e626e9/span_17")): Object: 'Object Repository/Test Tambah Daftfar Kontrak Payung/Page_FinUP (Financial Integrated Applicatio_e626e9/span_17' is clicked on

2024-07-17 09:41:24 - [MESSAGE][PASSED] - Object: 'Object Repository/Test Tambah Daftfar Kontrak Payung/Page_FinUP (Financial Integrated Applicatio_e626e9/span_17' is clicked on

2024-07-17 09:41:24 - [TEST_STEP][PASSED] - takeFullPageScreenshot(): Taking screenshot successfully

2024-07-17 09:41:24 - [MESSAGE][INFO] - 0 hidden object(s)

2024-07-17 09:41:25 - [MESSAGE][PASSED] - Taking screenshot successfully
[[ATTACHMENT|C:\\Users\\PTI\\Katalon Studio\\Testing-2-master\\Reports\\20240717_093915\\Test Kontrak Harga Satuan\\20240717_093915\\1721184084523.png]]

2024-07-17 09:41:25 - [TEST_STEP][PASSED] - click(findTestObject("Object Repository/Test Tambah Daftfar Kontrak Payung/Page_FinUP (Financial Integrated Applicatio_e626e9/button_")): Object: 'Object Repository/Test Tambah Daftfar Kontrak Payung/Page_FinUP (Financial Integrated Applicatio_e626e9/button_' is clicked on

2024-07-17 09:41:25 - [MESSAGE][PASSED] - Object: 'Object Repository/Test Tambah Daftfar Kontrak Payung/Page_FinUP (Financial Integrated Applicatio_e626e9/button_' is clicked on

2024-07-17 09:41:25 - [TEST_STEP][PASSED] - takeFullPageScreenshot(): Taking screenshot successfully

2024-07-17 09:41:26 - [MESSAGE][INFO] - 0 hidden object(s)

2024-07-17 09:41:26 - [MESSAGE][PASSED] - Taking screenshot successfully
[[ATTACHMENT|C:\\Users\\PTI\\Katalon Studio\\Testing-2-master\\Reports\\20240717_093915\\Test Kontrak Harga Satuan\\20240717_093915\\1721184085523.png]]

2024-07-17 09:41:26 - [TEST_STEP][PASSED] - setText(findTestObject("Object Repository/Test Tambah Daftfar Kontrak Payung/Page_FinUP (Financial Integrated Applicatio_e626e9/input_Cari Rekanan_p-inputtext p-component _4141d4"), "juanda"): Text 'juanda' is set on object 'Object Repository/Test Tambah Daftfar Kontrak Payung/Page_FinUP (Financial Integrated Applicatio_e626e9/input_Cari Rekanan_p-inputtext p-component _4141d4'

2024-07-17 09:41:26 - [MESSAGE][PASSED] - Text 'juanda' is set on object 'Object Repository/Test Tambah Daftfar Kontrak Payung/Page_FinUP (Financial Integrated Applicatio_e626e9/input_Cari Rekanan_p-inputtext p-component _4141d4'

2024-07-17 09:41:26 - [TEST_STEP][PASSED] - takeFullPageScreenshot(): Taking screenshot successfully

2024-07-17 09:41:27 - [MESSAGE][INFO] - 0 hidden object(s)

2024-07-17 09:41:27 - [MESSAGE][PASSED] - Taking screenshot successfully
[[ATTACHMENT|C:\\Users\\PTI\\Katalon Studio\\Testing-2-master\\Reports\\20240717_093915\\Test Kontrak Harga Satuan\\20240717_093915\\1721184086937.png]]

2024-07-17 09:41:27 - [TEST_STEP][PASSED] - doubleClick(findTestObject("Object Repository/Test Tambah Daftfar Kontrak Payung/Page_FinUP (Financial Integrated Applicatio_e626e9/td_BANDARA JUANDA")): Object: 'Object Repository/Test Tambah Daftfar Kontrak Payung/Page_FinUP (Financial Integrated Applicatio_e626e9/td_BANDARA JUANDA' is double clicked on

2024-07-17 09:41:28 - [MESSAGE][PASSED] - Object: 'Object Repository/Test Tambah Daftfar Kontrak Payung/Page_FinUP (Financial Integrated Applicatio_e626e9/td_BANDARA JUANDA' is double clicked on

2024-07-17 09:41:28 - [TEST_STEP][PASSED] - takeFullPageScreenshot(): Taking screenshot successfully

2024-07-17 09:41:28 - [MESSAGE][INFO] - 0 hidden object(s)

2024-07-17 09:41:29 - [MESSAGE][PASSED] - Taking screenshot successfully
[[ATTACHMENT|C:\\Users\\PTI\\Katalon Studio\\Testing-2-master\\Reports\\20240717_093915\\Test Kontrak Harga Satuan\\20240717_093915\\1721184088628.png]]

2024-07-17 09:41:29 - [TEST_STEP][PASSED] - setText(findTestObject("Object Repository/Test Tambah Daftfar Kontrak Payung/Page_FinUP (Financial Integrated Applicatio_e626e9/textarea_Judul Kontrak_judulKontrak"), "Test"): Text 'Test' is set on object 'Object Repository/Test Tambah Daftfar Kontrak Payung/Page_FinUP (Financial Integrated Applicatio_e626e9/textarea_Judul Kontrak_judulKontrak'

2024-07-17 09:41:29 - [MESSAGE][PASSED] - Text 'Test' is set on object 'Object Repository/Test Tambah Daftfar Kontrak Payung/Page_FinUP (Financial Integrated Applicatio_e626e9/textarea_Judul Kontrak_judulKontrak'

2024-07-17 09:41:29 - [TEST_STEP][PASSED] - takeFullPageScreenshot(): Taking screenshot successfully

2024-07-17 09:41:30 - [MESSAGE][INFO] - 0 hidden object(s)

2024-07-17 09:41:30 - [MESSAGE][PASSED] - Taking screenshot successfully
[[ATTACHMENT|C:\\Users\\PTI\\Katalon Studio\\Testing-2-master\\Reports\\20240717_093915\\Test Kontrak Harga Satuan\\20240717_093915\\1721184089856.png]]

2024-07-17 09:41:30 - [TEST_STEP][PASSED] - setText(findTestObject("Object Repository/Test Tambah Daftfar Kontrak Payung/Page_FinUP (Financial Integrated Applicatio_e626e9/input_No PJB_text-sm text-color p-2 border-_5e897b"), "0001"): Text '0001' is set on object 'Object Repository/Test Tambah Daftfar Kontrak Payung/Page_FinUP (Financial Integrated Applicatio_e626e9/input_No PJB_text-sm text-color p-2 border-_5e897b'

2024-07-17 09:41:31 - [MESSAGE][PASSED] - Text '0001' is set on object 'Object Repository/Test Tambah Daftfar Kontrak Payung/Page_FinUP (Financial Integrated Applicatio_e626e9/input_No PJB_text-sm text-color p-2 border-_5e897b'

2024-07-17 09:41:31 - [TEST_STEP][PASSED] - takeFullPageScreenshot(): Taking screenshot successfully

2024-07-17 09:41:31 - [MESSAGE][INFO] - 0 hidden object(s)

2024-07-17 09:41:31 - [MESSAGE][PASSED] - Taking screenshot successfully
[[ATTACHMENT|C:\\Users\\PTI\\Katalon Studio\\Testing-2-master\\Reports\\20240717_093915\\Test Kontrak Harga Satuan\\20240717_093915\\1721184091193.png]]

2024-07-17 09:41:31 - [TEST_STEP][PASSED] - click(findTestObject("Object Repository/Test Tambah Daftfar Kontrak Payung/Page_FinUP (Financial Integrated Applicatio_e626e9/button_")): Object: 'Object Repository/Test Tambah Daftfar Kontrak Payung/Page_FinUP (Financial Integrated Applicatio_e626e9/button_' is clicked on

2024-07-17 09:41:32 - [MESSAGE][PASSED] - Object: 'Object Repository/Test Tambah Daftfar Kontrak Payung/Page_FinUP (Financial Integrated Applicatio_e626e9/button_' is clicked on

2024-07-17 09:41:32 - [TEST_STEP][PASSED] - takeFullPageScreenshot(): Taking screenshot successfully

2024-07-17 09:41:32 - [MESSAGE][INFO] - 0 hidden object(s)

2024-07-17 09:41:32 - [MESSAGE][PASSED] - Taking screenshot successfully
[[ATTACHMENT|C:\\Users\\PTI\\Katalon Studio\\Testing-2-master\\Reports\\20240717_093915\\Test Kontrak Harga Satuan\\20240717_093915\\1721184092185.png]]

2024-07-17 09:41:32 - [TEST_STEP][PASSED] - click(findTestObject("Object Repository/Test Tambah Daftfar Kontrak Payung/Page_FinUP (Financial Integrated Applicatio_e626e9/span_17")): Object: 'Object Repository/Test Tambah Daftfar Kontrak Payung/Page_FinUP (Financial Integrated Applicatio_e626e9/span_17' is clicked on

2024-07-17 09:41:33 - [MESSAGE][PASSED] - Object: 'Object Repository/Test Tambah Daftfar Kontrak Payung/Page_FinUP (Financial Integrated Applicatio_e626e9/span_17' is clicked on

2024-07-17 09:41:33 - [TEST_STEP][PASSED] - takeFullPageScreenshot(): Taking screenshot successfully

2024-07-17 09:41:33 - [MESSAGE][INFO] - 0 hidden object(s)

2024-07-17 09:41:33 - [MESSAGE][PASSED] - Taking screenshot successfully
[[ATTACHMENT|C:\\Users\\PTI\\Katalon Studio\\Testing-2-master\\Reports\\20240717_093915\\Test Kontrak Harga Satuan\\20240717_093915\\1721184093168.png]]

2024-07-17 09:41:33 - [TEST_STEP][PASSED] - click(findTestObject("Object Repository/Test Tambah Daftfar Kontrak Payung/Page_FinUP (Financial Integrated Applicatio_e626e9/button_")): Object: 'Object Repository/Test Tambah Daftfar Kontrak Payung/Page_FinUP (Financial Integrated Applicatio_e626e9/button_' is clicked on

2024-07-17 09:41:34 - [MESSAGE][PASSED] - Object: 'Object Repository/Test Tambah Daftfar Kontrak Payung/Page_FinUP (Financial Integrated Applicatio_e626e9/button_' is clicked on

2024-07-17 09:41:34 - [TEST_STEP][PASSED] - takeFullPageScreenshot(): Taking screenshot successfully

2024-07-17 09:41:34 - [MESSAGE][INFO] - 0 hidden object(s)

2024-07-17 09:41:34 - [MESSAGE][PASSED] - Taking screenshot successfully
[[ATTACHMENT|C:\\Users\\PTI\\Katalon Studio\\Testing-2-master\\Reports\\20240717_093915\\Test Kontrak Harga Satuan\\20240717_093915\\1721184094215.png]]

2024-07-17 09:41:34 - [TEST_STEP][PASSED] - click(findTestObject("Object Repository/Test Tambah Daftfar Kontrak Payung/Page_FinUP (Financial Integrated Applicatio_e626e9/span_17")): Object: 'Object Repository/Test Tambah Daftfar Kontrak Payung/Page_FinUP (Financial Integrated Applicatio_e626e9/span_17' is clicked on

2024-07-17 09:41:35 - [MESSAGE][PASSED] - Object: 'Object Repository/Test Tambah Daftfar Kontrak Payung/Page_FinUP (Financial Integrated Applicatio_e626e9/span_17' is clicked on

2024-07-17 09:41:35 - [TEST_STEP][PASSED] - takeFullPageScreenshot(): Taking screenshot successfully

2024-07-17 09:41:36 - [MESSAGE][INFO] - 0 hidden object(s)

2024-07-17 09:41:36 - [MESSAGE][PASSED] - Taking screenshot successfully
[[ATTACHMENT|C:\\Users\\PTI\\Katalon Studio\\Testing-2-master\\Reports\\20240717_093915\\Test Kontrak Harga Satuan\\20240717_093915\\1721184095800.png]]

2024-07-17 09:41:36 - [TEST_STEP][PASSED] - click(findTestObject("Object Repository/Test Tambah Daftfar Kontrak Payung/Page_FinUP (Financial Integrated Applicatio_e626e9/div_-- Pilih --_p-dropdown-trigger ng-tns-c70-31")): Object: 'Object Repository/Test Tambah Daftfar Kontrak Payung/Page_FinUP (Financial Integrated Applicatio_e626e9/div_-- Pilih --_p-dropdown-trigger ng-tns-c70-31' is clicked on

2024-07-17 09:41:37 - [MESSAGE][PASSED] - Object: 'Object Repository/Test Tambah Daftfar Kontrak Payung/Page_FinUP (Financial Integrated Applicatio_e626e9/div_-- Pilih --_p-dropdown-trigger ng-tns-c70-31' is clicked on

2024-07-17 09:41:37 - [TEST_STEP][PASSED] - takeFullPageScreenshot(): Taking screenshot successfully

2024-07-17 09:41:37 - [MESSAGE][INFO] - 0 hidden object(s)

2024-07-17 09:41:37 - [MESSAGE][PASSED] - Taking screenshot successfully
[[ATTACHMENT|C:\\Users\\PTI\\Katalon Studio\\Testing-2-master\\Reports\\20240717_093915\\Test Kontrak Harga Satuan\\20240717_093915\\1721184097116.png]]

2024-07-17 09:41:37 - [TEST_STEP][PASSED] - enhancedClick(findTestObject("Object Repository/Test Tambah Daftfar Kontrak Payung/Page_FinUP (Financial Integrated Applicatio_e626e9/li_AUD - Australian Dollar")): Object: 'Object Repository/Test Tambah Daftfar Kontrak Payung/Page_FinUP (Financial Integrated Applicatio_e626e9/li_AUD - Australian Dollar' is clicked on

2024-07-17 09:41:38 - [MESSAGE][PASSED] - Object: 'Object Repository/Test Tambah Daftfar Kontrak Payung/Page_FinUP (Financial Integrated Applicatio_e626e9/li_AUD - Australian Dollar' is clicked on

2024-07-17 09:41:38 - [TEST_STEP][PASSED] - takeFullPageScreenshot(): Taking screenshot successfully

2024-07-17 09:41:38 - [MESSAGE][INFO] - 0 hidden object(s)

2024-07-17 09:41:38 - [MESSAGE][PASSED] - Taking screenshot successfully
[[ATTACHMENT|C:\\Users\\PTI\\Katalon Studio\\Testing-2-master\\Reports\\20240717_093915\\Test Kontrak Harga Satuan\\20240717_093915\\1721184098417.png]]

2024-07-17 09:41:38 - [TEST_STEP][PASSED] - setText(findTestObject("Object Repository/Test Tambah Daftfar Kontrak Payung/Page_FinUP (Financial Integrated Applicatio_e626e9/input_No PJB_text-sm text-color p-2 border-_5e897b"), "Test"): Text 'Test' is set on object 'Object Repository/Test Tambah Daftfar Kontrak Payung/Page_FinUP (Financial Integrated Applicatio_e626e9/input_No PJB_text-sm text-color p-2 border-_5e897b'

2024-07-17 09:41:39 - [MESSAGE][PASSED] - Text 'Test' is set on object 'Object Repository/Test Tambah Daftfar Kontrak Payung/Page_FinUP (Financial Integrated Applicatio_e626e9/input_No PJB_text-sm text-color p-2 border-_5e897b'

2024-07-17 09:41:39 - [TEST_STEP][PASSED] - takeFullPageScreenshot(): Taking screenshot successfully

2024-07-17 09:41:40 - [MESSAGE][INFO] - 0 hidden object(s)

2024-07-17 09:41:40 - [MESSAGE][PASSED] - Taking screenshot successfully
[[ATTACHMENT|C:\\Users\\PTI\\Katalon Studio\\Testing-2-master\\Reports\\20240717_093915\\Test Kontrak Harga Satuan\\20240717_093915\\1721184099681.png]]

2024-07-17 09:41:40 - [TEST_STEP][PASSED] - click(findTestObject("Object Repository/Test Tambah Daftfar Kontrak Payung/Page_FinUP (Financial Integrated Applicatio_e626e9/div_-- Pilih --_p-dropdown-trigger ng-tns-c70-32")): Object: 'Object Repository/Test Tambah Daftfar Kontrak Payung/Page_FinUP (Financial Integrated Applicatio_e626e9/div_-- Pilih --_p-dropdown-trigger ng-tns-c70-32' is clicked on

2024-07-17 09:41:40 - [MESSAGE][PASSED] - Object: 'Object Repository/Test Tambah Daftfar Kontrak Payung/Page_FinUP (Financial Integrated Applicatio_e626e9/div_-- Pilih --_p-dropdown-trigger ng-tns-c70-32' is clicked on

2024-07-17 09:41:40 - [TEST_STEP][PASSED] - takeFullPageScreenshot(): Taking screenshot successfully

2024-07-17 09:41:41 - [MESSAGE][INFO] - 0 hidden object(s)

2024-07-17 09:41:41 - [MESSAGE][PASSED] - Taking screenshot successfully
[[ATTACHMENT|C:\\Users\\PTI\\Katalon Studio\\Testing-2-master\\Reports\\20240717_093915\\Test Kontrak Harga Satuan\\20240717_093915\\1721184100697.png]]

2024-07-17 09:41:41 - [TEST_STEP][PASSED] - enhancedClick(findTestObject("Object Repository/Test Tambah Daftfar Kontrak Payung/Page_FinUP (Financial Integrated Applicatio_e626e9/li_pelaksana 1")): Object: 'Object Repository/Test Tambah Daftfar Kontrak Payung/Page_FinUP (Financial Integrated Applicatio_e626e9/li_pelaksana 1' is clicked on

2024-07-17 09:41:41 - [MESSAGE][PASSED] - Object: 'Object Repository/Test Tambah Daftfar Kontrak Payung/Page_FinUP (Financial Integrated Applicatio_e626e9/li_pelaksana 1' is clicked on

2024-07-17 09:41:41 - [TEST_STEP][PASSED] - takeFullPageScreenshot(): Taking screenshot successfully

2024-07-17 09:41:42 - [MESSAGE][INFO] - 0 hidden object(s)

2024-07-17 09:41:42 - [MESSAGE][PASSED] - Taking screenshot successfully
[[ATTACHMENT|C:\\Users\\PTI\\Katalon Studio\\Testing-2-master\\Reports\\20240717_093915\\Test Kontrak Harga Satuan\\20240717_093915\\1721184101750.png]]

2024-07-17 09:41:42 - [TEST_STEP][PASSED] - click(findTestObject("Object Repository/Test Tambah Daftfar Kontrak Payung/Page_FinUP (Financial Integrated Applicatio_e626e9/button_Simpan")): Object: 'Object Repository/Test Tambah Daftfar Kontrak Payung/Page_FinUP (Financial Integrated Applicatio_e626e9/button_Simpan' is clicked on

2024-07-17 09:41:42 - [MESSAGE][PASSED] - Object: 'Object Repository/Test Tambah Daftfar Kontrak Payung/Page_FinUP (Financial Integrated Applicatio_e626e9/button_Simpan' is clicked on

2024-07-17 09:41:42 - [TEST_STEP][PASSED] - takeFullPageScreenshot(): Taking screenshot successfully

2024-07-17 09:41:43 - [MESSAGE][INFO] - 0 hidden object(s)

2024-07-17 09:41:43 - [MESSAGE][PASSED] - Taking screenshot successfully
[[ATTACHMENT|C:\\Users\\PTI\\Katalon Studio\\Testing-2-master\\Reports\\20240717_093915\\Test Kontrak Harga Satuan\\20240717_093915\\1721184102704.png]]]]></system-out>
         <system-err><![CDATA[]]></system-err>
      </testcase>
      <testcase name="Test Cases/Form Kontrak Payung/Test Edit Daftar Kontrak Payung" time="63.682" classname="Test Cases/Form Kontrak Payung/Test Edit Daftar Kontrak Payung" status="PASSED">
         <system-out><![CDATA[2024-07-17 09:41:43 - [TEST_CASE][PASSED] - Test Cases/Form Kontrak Payung/Test Edit Daftar Kontrak Payung: Test Cases/Form Kontrak Payung/Test Edit Daftar Kontrak Payung

2024-07-17 09:41:43 - [TEST_STEP][PASSED] - openBrowser(""): Browser is opened with url: ''

2024-07-17 09:41:43 - [MESSAGE][WARNING] - A browser is already opened. Closing browser and opening a new one

2024-07-17 09:41:45 - [MESSAGE][INFO] - Starting 'Chrome' driver

2024-07-17 09:41:45 - [MESSAGE][INFO] - Action delay is set to 0 milliseconds

2024-07-17 09:41:47 - [MESSAGE][PASSED] - Browser is opened with url: ''

2024-07-17 09:41:47 - [TEST_STEP][PASSED] - navigateToUrl("http://10.7.1.169/"): Navigate to 'http://10.7.1.169/' successfully

2024-07-17 09:41:50 - [MESSAGE][PASSED] - Navigate to 'http://10.7.1.169/' successfully

2024-07-17 09:41:50 - [TEST_STEP][PASSED] - setText(findTestObject("Object Repository/Test Edit Daftar Kontra Payung/Page_FinUP (Financial Integrated Applicatio_e626e9/input_Financial Integrated Applications - N_61d5e8"), "admin"): Text 'admin' is set on object 'Object Repository/Test Edit Daftar Kontra Payung/Page_FinUP (Financial Integrated Applicatio_e626e9/input_Financial Integrated Applications - N_61d5e8'

2024-07-17 09:41:51 - [MESSAGE][PASSED] - Text 'admin' is set on object 'Object Repository/Test Edit Daftar Kontra Payung/Page_FinUP (Financial Integrated Applicatio_e626e9/input_Financial Integrated Applications - N_61d5e8'

2024-07-17 09:41:51 - [TEST_STEP][PASSED] - takeFullPageScreenshot(): Taking screenshot successfully

2024-07-17 09:41:51 - [MESSAGE][INFO] - 0 hidden object(s)

2024-07-17 09:41:51 - [MESSAGE][PASSED] - Taking screenshot successfully
[[ATTACHMENT|C:\\Users\\PTI\\Katalon Studio\\Testing-2-master\\Reports\\20240717_093915\\Test Kontrak Harga Satuan\\20240717_093915\\1721184111475.png]]

2024-07-17 09:41:51 - [TEST_STEP][PASSED] - setEncryptedText(findTestObject("Object Repository/Test Edit Daftar Kontra Payung/Page_FinUP (Financial Integrated Applicatio_e626e9/input_Financial Integrated Applications - N_61d5e8_1"), "RAIVpflpDOg="): Text ****** has been set on object 'Object Repository/Test Edit Daftar Kontra Payung/Page_FinUP (Financial Integrated Applicatio_e626e9/input_Financial Integrated Applications - N_61d5e8_1'

2024-07-17 09:41:52 - [MESSAGE][PASSED] - Text ****** has been set on object 'Object Repository/Test Edit Daftar Kontra Payung/Page_FinUP (Financial Integrated Applicatio_e626e9/input_Financial Integrated Applications - N_61d5e8_1'

2024-07-17 09:41:52 - [TEST_STEP][PASSED] - takeFullPageScreenshot(): Taking screenshot successfully

2024-07-17 09:41:53 - [MESSAGE][INFO] - 0 hidden object(s)

2024-07-17 09:41:53 - [MESSAGE][PASSED] - Taking screenshot successfully
[[ATTACHMENT|C:\\Users\\PTI\\Katalon Studio\\Testing-2-master\\Reports\\20240717_093915\\Test Kontrak Harga Satuan\\20240717_093915\\1721184112644.png]]

2024-07-17 09:41:53 - [TEST_STEP][PASSED] - enhancedClick(findTestObject("Object Repository/Test Edit Daftar Kontra Payung/Page_FinUP (Financial Integrated Applicatio_e626e9/span_Sign In_p-ink p-ink-active")): Object: 'Object Repository/Test Edit Daftar Kontra Payung/Page_FinUP (Financial Integrated Applicatio_e626e9/span_Sign In_p-ink p-ink-active' is clicked on

2024-07-17 09:42:24 - [MESSAGE][PASSED] - Object: 'Object Repository/Test Edit Daftar Kontra Payung/Page_FinUP (Financial Integrated Applicatio_e626e9/span_Sign In_p-ink p-ink-active' is clicked on

2024-07-17 09:42:24 - [TEST_STEP][PASSED] - delay(10): Delayed 10 second(s)

2024-07-17 09:42:34 - [MESSAGE][PASSED] - Delayed 10 second(s)

2024-07-17 09:42:34 - [TEST_STEP][PASSED] - takeFullPageScreenshot(): Taking screenshot successfully

2024-07-17 09:42:35 - [MESSAGE][INFO] - 0 hidden object(s)

2024-07-17 09:42:35 - [MESSAGE][PASSED] - Taking screenshot successfully
[[ATTACHMENT|C:\\Users\\PTI\\Katalon Studio\\Testing-2-master\\Reports\\20240717_093915\\Test Kontrak Harga Satuan\\20240717_093915\\1721184154606.png]]

2024-07-17 09:42:35 - [TEST_STEP][PASSED] - click(findTestObject("Object Repository/Test Edit Daftar Kontra Payung/Page_FinUP (Financial Integrated Applicatio_e626e9/div_Contract Management")): Object: 'Object Repository/Test Edit Daftar Kontra Payung/Page_FinUP (Financial Integrated Applicatio_e626e9/div_Contract Management' is clicked on

2024-07-17 09:42:36 - [MESSAGE][PASSED] - Object: 'Object Repository/Test Edit Daftar Kontra Payung/Page_FinUP (Financial Integrated Applicatio_e626e9/div_Contract Management' is clicked on

2024-07-17 09:42:36 - [TEST_STEP][PASSED] - takeFullPageScreenshot(): Taking screenshot successfully

2024-07-17 09:42:37 - [MESSAGE][INFO] - 0 hidden object(s)

2024-07-17 09:42:37 - [MESSAGE][PASSED] - Taking screenshot successfully
[[ATTACHMENT|C:\\Users\\PTI\\Katalon Studio\\Testing-2-master\\Reports\\20240717_093915\\Test Kontrak Harga Satuan\\20240717_093915\\1721184156142.png]]

2024-07-17 09:42:37 - [TEST_STEP][PASSED] - enhancedClick(findTestObject("Object Repository/Test Edit Daftar Kontra Payung/Page_FinUP (Financial Integrated Applicatio_e626e9/a_Kontrak Harga Satuan")): Object: 'Object Repository/Test Edit Daftar Kontra Payung/Page_FinUP (Financial Integrated Applicatio_e626e9/a_Kontrak Harga Satuan' is clicked on

2024-07-17 09:42:38 - [MESSAGE][PASSED] - Object: 'Object Repository/Test Edit Daftar Kontra Payung/Page_FinUP (Financial Integrated Applicatio_e626e9/a_Kontrak Harga Satuan' is clicked on

2024-07-17 09:42:38 - [TEST_STEP][PASSED] - takeFullPageScreenshot(): Taking screenshot successfully

2024-07-17 09:42:38 - [MESSAGE][INFO] - 0 hidden object(s)

2024-07-17 09:42:38 - [MESSAGE][PASSED] - Taking screenshot successfully
[[ATTACHMENT|C:\\Users\\PTI\\Katalon Studio\\Testing-2-master\\Reports\\20240717_093915\\Test Kontrak Harga Satuan\\20240717_093915\\1721184158166.png]]

2024-07-17 09:42:38 - [TEST_STEP][PASSED] - enhancedClick(findTestObject("Object Repository/Test Edit Daftar Kontra Payung/Page_FinUP (Financial Integrated Applicatio_e626e9/td")): Object: 'Object Repository/Test Edit Daftar Kontra Payung/Page_FinUP (Financial Integrated Applicatio_e626e9/td' is clicked on

2024-07-17 09:42:39 - [MESSAGE][PASSED] - Object: 'Object Repository/Test Edit Daftar Kontra Payung/Page_FinUP (Financial Integrated Applicatio_e626e9/td' is clicked on

2024-07-17 09:42:39 - [TEST_STEP][PASSED] - takeFullPageScreenshot(): Taking screenshot successfully

2024-07-17 09:42:39 - [MESSAGE][INFO] - 0 hidden object(s)

2024-07-17 09:42:40 - [MESSAGE][PASSED] - Taking screenshot successfully
[[ATTACHMENT|C:\\Users\\PTI\\Katalon Studio\\Testing-2-master\\Reports\\20240717_093915\\Test Kontrak Harga Satuan\\20240717_093915\\1721184159466.png]]

2024-07-17 09:42:40 - [TEST_STEP][PASSED] - click(findTestObject("Object Repository/Test Edit Daftar Kontra Payung/Page_FinUP (Financial Integrated Applicatio_e626e9/button_Edit")): Object: 'Object Repository/Test Edit Daftar Kontra Payung/Page_FinUP (Financial Integrated Applicatio_e626e9/button_Edit' is clicked on

2024-07-17 09:42:40 - [MESSAGE][PASSED] - Object: 'Object Repository/Test Edit Daftar Kontra Payung/Page_FinUP (Financial Integrated Applicatio_e626e9/button_Edit' is clicked on

2024-07-17 09:42:40 - [TEST_STEP][PASSED] - takeFullPageScreenshot(): Taking screenshot successfully

2024-07-17 09:42:41 - [MESSAGE][INFO] - 0 hidden object(s)

2024-07-17 09:42:41 - [MESSAGE][PASSED] - Taking screenshot successfully
[[ATTACHMENT|C:\\Users\\PTI\\Katalon Studio\\Testing-2-master\\Reports\\20240717_093915\\Test Kontrak Harga Satuan\\20240717_093915\\1721184160483.png]]

2024-07-17 09:42:41 - [TEST_STEP][PASSED] - setText(findTestObject("Object Repository/Test Edit Daftar Kontra Payung/Page_FinUP (Financial Integrated Applicatio_e626e9/input_No PJB_text-sm text-color p-2 border-_38856d"), "Test"): Text 'Test' is set on object 'Object Repository/Test Edit Daftar Kontra Payung/Page_FinUP (Financial Integrated Applicatio_e626e9/input_No PJB_text-sm text-color p-2 border-_38856d'

2024-07-17 09:42:42 - [MESSAGE][PASSED] - Text 'Test' is set on object 'Object Repository/Test Edit Daftar Kontra Payung/Page_FinUP (Financial Integrated Applicatio_e626e9/input_No PJB_text-sm text-color p-2 border-_38856d'

2024-07-17 09:42:42 - [TEST_STEP][PASSED] - takeFullPageScreenshot(): Taking screenshot successfully

2024-07-17 09:42:42 - [MESSAGE][INFO] - 0 hidden object(s)

2024-07-17 09:42:42 - [MESSAGE][PASSED] - Taking screenshot successfully
[[ATTACHMENT|C:\\Users\\PTI\\Katalon Studio\\Testing-2-master\\Reports\\20240717_093915\\Test Kontrak Harga Satuan\\20240717_093915\\1721184162090.png]]

2024-07-17 09:42:42 - [TEST_STEP][PASSED] - setText(findTestObject("Object Repository/Test Edit Daftar Kontra Payung/Page_FinUP (Financial Integrated Applicatio_e626e9/input_Limit Kuota_integeronly"), "2"): Text '2' is set on object 'Object Repository/Test Edit Daftar Kontra Payung/Page_FinUP (Financial Integrated Applicatio_e626e9/input_Limit Kuota_integeronly'

2024-07-17 09:42:43 - [MESSAGE][PASSED] - Text '2' is set on object 'Object Repository/Test Edit Daftar Kontra Payung/Page_FinUP (Financial Integrated Applicatio_e626e9/input_Limit Kuota_integeronly'

2024-07-17 09:42:43 - [TEST_STEP][PASSED] - takeFullPageScreenshot(): Taking screenshot successfully

2024-07-17 09:42:43 - [MESSAGE][INFO] - 0 hidden object(s)

2024-07-17 09:42:43 - [MESSAGE][PASSED] - Taking screenshot successfully
[[ATTACHMENT|C:\\Users\\PTI\\Katalon Studio\\Testing-2-master\\Reports\\20240717_093915\\Test Kontrak Harga Satuan\\20240717_093915\\1721184163471.png]]

2024-07-17 09:42:43 - [TEST_STEP][PASSED] - click(findTestObject("Object Repository/Test Edit Daftar Kontra Payung/Page_FinUP (Financial Integrated Applicatio_e626e9/input_Limit Kuota_integeronly")): Object: 'Object Repository/Test Edit Daftar Kontra Payung/Page_FinUP (Financial Integrated Applicatio_e626e9/input_Limit Kuota_integeronly' is clicked on

2024-07-17 09:42:44 - [MESSAGE][PASSED] - Object: 'Object Repository/Test Edit Daftar Kontra Payung/Page_FinUP (Financial Integrated Applicatio_e626e9/input_Limit Kuota_integeronly' is clicked on

2024-07-17 09:42:44 - [TEST_STEP][PASSED] - takeFullPageScreenshot(): Taking screenshot successfully

2024-07-17 09:42:44 - [MESSAGE][INFO] - 0 hidden object(s)

2024-07-17 09:42:44 - [MESSAGE][PASSED] - Taking screenshot successfully
[[ATTACHMENT|C:\\Users\\PTI\\Katalon Studio\\Testing-2-master\\Reports\\20240717_093915\\Test Kontrak Harga Satuan\\20240717_093915\\1721184164413.png]]

2024-07-17 09:42:44 - [TEST_STEP][PASSED] - click(findTestObject("Object Repository/Test Edit Daftar Kontra Payung/Page_FinUP (Financial Integrated Applicatio_e626e9/button_Simpan")): Object: 'Object Repository/Test Edit Daftar Kontra Payung/Page_FinUP (Financial Integrated Applicatio_e626e9/button_Simpan' is clicked on

2024-07-17 09:42:45 - [MESSAGE][PASSED] - Object: 'Object Repository/Test Edit Daftar Kontra Payung/Page_FinUP (Financial Integrated Applicatio_e626e9/button_Simpan' is clicked on

2024-07-17 09:42:45 - [TEST_STEP][PASSED] - takeFullPageScreenshot(): Taking screenshot successfully

2024-07-17 09:42:45 - [MESSAGE][INFO] - 0 hidden object(s)

2024-07-17 09:42:45 - [MESSAGE][PASSED] - Taking screenshot successfully
[[ATTACHMENT|C:\\Users\\PTI\\Katalon Studio\\Testing-2-master\\Reports\\20240717_093915\\Test Kontrak Harga Satuan\\20240717_093915\\1721184165364.png]]

2024-07-17 09:42:45 - [TEST_STEP][PASSED] - click(findTestObject("Object Repository/Test Edit Daftar Kontra Payung/Page_FinUP (Financial Integrated Applicatio_e626e9/button_Simpan dan Keluar")): Object: 'Object Repository/Test Edit Daftar Kontra Payung/Page_FinUP (Financial Integrated Applicatio_e626e9/button_Simpan dan Keluar' is clicked on

2024-07-17 09:42:46 - [MESSAGE][PASSED] - Object: 'Object Repository/Test Edit Daftar Kontra Payung/Page_FinUP (Financial Integrated Applicatio_e626e9/button_Simpan dan Keluar' is clicked on

2024-07-17 09:42:46 - [TEST_STEP][PASSED] - takeFullPageScreenshot(): Taking screenshot successfully

2024-07-17 09:42:46 - [MESSAGE][INFO] - 0 hidden object(s)

2024-07-17 09:42:46 - [MESSAGE][PASSED] - Taking screenshot successfully
[[ATTACHMENT|C:\\Users\\PTI\\Katalon Studio\\Testing-2-master\\Reports\\20240717_093915\\Test Kontrak Harga Satuan\\20240717_093915\\1721184166275.png]]]]></system-out>
         <system-err><![CDATA[]]></system-err>
      </testcase>
      <testcase name="Test Cases/Form Kontrak Payung/Test Hapus Daftar Kontrak Payung" time="56.373" classname="Test Cases/Form Kontrak Payung/Test Hapus Daftar Kontrak Payung" status="PASSED">
         <system-out><![CDATA[2024-07-17 09:42:46 - [TEST_CASE][PASSED] - Test Cases/Form Kontrak Payung/Test Hapus Daftar Kontrak Payung: Test Cases/Form Kontrak Payung/Test Hapus Daftar Kontrak Payung

2024-07-17 09:42:47 - [TEST_STEP][PASSED] - openBrowser(""): Browser is opened with url: ''

2024-07-17 09:42:47 - [MESSAGE][WARNING] - A browser is already opened. Closing browser and opening a new one

2024-07-17 09:42:48 - [MESSAGE][INFO] - Starting 'Chrome' driver

2024-07-17 09:42:48 - [MESSAGE][INFO] - Action delay is set to 0 milliseconds

2024-07-17 09:42:51 - [MESSAGE][PASSED] - Browser is opened with url: ''

2024-07-17 09:42:51 - [TEST_STEP][PASSED] - navigateToUrl("http://10.7.1.169/"): Navigate to 'http://10.7.1.169/' successfully

2024-07-17 09:42:52 - [MESSAGE][PASSED] - Navigate to 'http://10.7.1.169/' successfully

2024-07-17 09:42:52 - [TEST_STEP][PASSED] - setText(findTestObject("Object Repository/Test Hapus Daftar Kontrak Payung/Page_FinUP (Financial Integrated Applicatio_e626e9/input_Financial Integrated Applications - N_61d5e8"), "admin"): Text 'admin' is set on object 'Object Repository/Test Hapus Daftar Kontrak Payung/Page_FinUP (Financial Integrated Applicatio_e626e9/input_Financial Integrated Applications - N_61d5e8'

2024-07-17 09:42:53 - [MESSAGE][PASSED] - Text 'admin' is set on object 'Object Repository/Test Hapus Daftar Kontrak Payung/Page_FinUP (Financial Integrated Applicatio_e626e9/input_Financial Integrated Applications - N_61d5e8'

2024-07-17 09:42:53 - [TEST_STEP][PASSED] - takeFullPageScreenshot(): Taking screenshot successfully

2024-07-17 09:42:54 - [MESSAGE][INFO] - 0 hidden object(s)

2024-07-17 09:42:54 - [MESSAGE][PASSED] - Taking screenshot successfully
[[ATTACHMENT|C:\\Users\\PTI\\Katalon Studio\\Testing-2-master\\Reports\\20240717_093915\\Test Kontrak Harga Satuan\\20240717_093915\\1721184173689.png]]

2024-07-17 09:42:54 - [TEST_STEP][PASSED] - setEncryptedText(findTestObject("Object Repository/Test Hapus Daftar Kontrak Payung/Page_FinUP (Financial Integrated Applicatio_e626e9/input_Financial Integrated Applications - N_61d5e8_1"), "RAIVpflpDOg="): Text ****** has been set on object 'Object Repository/Test Hapus Daftar Kontrak Payung/Page_FinUP (Financial Integrated Applicatio_e626e9/input_Financial Integrated Applications - N_61d5e8_1'

2024-07-17 09:42:54 - [MESSAGE][PASSED] - Text ****** has been set on object 'Object Repository/Test Hapus Daftar Kontrak Payung/Page_FinUP (Financial Integrated Applicatio_e626e9/input_Financial Integrated Applications - N_61d5e8_1'

2024-07-17 09:42:54 - [TEST_STEP][PASSED] - takeFullPageScreenshot(): Taking screenshot successfully

2024-07-17 09:42:55 - [MESSAGE][INFO] - 0 hidden object(s)

2024-07-17 09:42:55 - [MESSAGE][PASSED] - Taking screenshot successfully
[[ATTACHMENT|C:\\Users\\PTI\\Katalon Studio\\Testing-2-master\\Reports\\20240717_093915\\Test Kontrak Harga Satuan\\20240717_093915\\1721184174699.png]]

2024-07-17 09:42:55 - [TEST_STEP][PASSED] - enhancedClick(findTestObject("Object Repository/Test Hapus Daftar Kontrak Payung/Page_FinUP (Financial Integrated Applicatio_e626e9/span_Sign In_p-ink p-ink-active")): Object: 'Object Repository/Test Hapus Daftar Kontrak Payung/Page_FinUP (Financial Integrated Applicatio_e626e9/span_Sign In_p-ink p-ink-active' is clicked on

2024-07-17 09:43:26 - [MESSAGE][PASSED] - Object: 'Object Repository/Test Hapus Daftar Kontrak Payung/Page_FinUP (Financial Integrated Applicatio_e626e9/span_Sign In_p-ink p-ink-active' is clicked on

2024-07-17 09:43:26 - [TEST_STEP][PASSED] - delay(10): Delayed 10 second(s)

2024-07-17 09:43:36 - [MESSAGE][PASSED] - Delayed 10 second(s)

2024-07-17 09:43:36 - [TEST_STEP][PASSED] - takeFullPageScreenshot(): Taking screenshot successfully

2024-07-17 09:43:36 - [MESSAGE][INFO] - 0 hidden object(s)

2024-07-17 09:43:37 - [MESSAGE][PASSED] - Taking screenshot successfully
[[ATTACHMENT|C:\\Users\\PTI\\Katalon Studio\\Testing-2-master\\Reports\\20240717_093915\\Test Kontrak Harga Satuan\\20240717_093915\\1721184216099.png]]

2024-07-17 09:43:37 - [TEST_STEP][PASSED] - click(findTestObject("Object Repository/Test Hapus Daftar Kontrak Payung/Page_FinUP (Financial Integrated Applicatio_e626e9/div_Contract Management")): Object: 'Object Repository/Test Hapus Daftar Kontrak Payung/Page_FinUP (Financial Integrated Applicatio_e626e9/div_Contract Management' is clicked on

2024-07-17 09:43:37 - [MESSAGE][PASSED] - Object: 'Object Repository/Test Hapus Daftar Kontrak Payung/Page_FinUP (Financial Integrated Applicatio_e626e9/div_Contract Management' is clicked on

2024-07-17 09:43:37 - [TEST_STEP][PASSED] - takeFullPageScreenshot(): Taking screenshot successfully

2024-07-17 09:43:38 - [MESSAGE][INFO] - 0 hidden object(s)

2024-07-17 09:43:38 - [MESSAGE][PASSED] - Taking screenshot successfully
[[ATTACHMENT|C:\\Users\\PTI\\Katalon Studio\\Testing-2-master\\Reports\\20240717_093915\\Test Kontrak Harga Satuan\\20240717_093915\\1721184217500.png]]

2024-07-17 09:43:38 - [TEST_STEP][PASSED] - enhancedClick(findTestObject("Object Repository/Test Hapus Daftar Kontrak Payung/Page_FinUP (Financial Integrated Applicatio_e626e9/a_Kontrak Harga Satuan")): Object: 'Object Repository/Test Hapus Daftar Kontrak Payung/Page_FinUP (Financial Integrated Applicatio_e626e9/a_Kontrak Harga Satuan' is clicked on

2024-07-17 09:43:39 - [MESSAGE][PASSED] - Object: 'Object Repository/Test Hapus Daftar Kontrak Payung/Page_FinUP (Financial Integrated Applicatio_e626e9/a_Kontrak Harga Satuan' is clicked on

2024-07-17 09:43:39 - [TEST_STEP][PASSED] - takeFullPageScreenshot(): Taking screenshot successfully

2024-07-17 09:43:39 - [MESSAGE][INFO] - 0 hidden object(s)

2024-07-17 09:43:39 - [MESSAGE][PASSED] - Taking screenshot successfully
[[ATTACHMENT|C:\\Users\\PTI\\Katalon Studio\\Testing-2-master\\Reports\\20240717_093915\\Test Kontrak Harga Satuan\\20240717_093915\\1721184219211.png]]

2024-07-17 09:43:39 - [TEST_STEP][PASSED] - enhancedClick(findTestObject("Object Repository/Test Hapus Daftar Kontrak Payung/Page_FinUP (Financial Integrated Applicatio_e626e9/td")): Object: 'Object Repository/Test Hapus Daftar Kontrak Payung/Page_FinUP (Financial Integrated Applicatio_e626e9/td' is clicked on

2024-07-17 09:43:40 - [MESSAGE][PASSED] - Object: 'Object Repository/Test Hapus Daftar Kontrak Payung/Page_FinUP (Financial Integrated Applicatio_e626e9/td' is clicked on

2024-07-17 09:43:40 - [TEST_STEP][PASSED] - takeFullPageScreenshot(): Taking screenshot successfully

2024-07-17 09:43:41 - [MESSAGE][INFO] - 0 hidden object(s)

2024-07-17 09:43:41 - [MESSAGE][PASSED] - Taking screenshot successfully
[[ATTACHMENT|C:\\Users\\PTI\\Katalon Studio\\Testing-2-master\\Reports\\20240717_093915\\Test Kontrak Harga Satuan\\20240717_093915\\1721184220738.png]]

2024-07-17 09:43:41 - [TEST_STEP][PASSED] - click(findTestObject("Object Repository/Test Hapus Daftar Kontrak Payung/Page_FinUP (Financial Integrated Applicatio_e626e9/button_Hapus")): Object: 'Object Repository/Test Hapus Daftar Kontrak Payung/Page_FinUP (Financial Integrated Applicatio_e626e9/button_Hapus' is clicked on

2024-07-17 09:43:41 - [MESSAGE][PASSED] - Object: 'Object Repository/Test Hapus Daftar Kontrak Payung/Page_FinUP (Financial Integrated Applicatio_e626e9/button_Hapus' is clicked on

2024-07-17 09:43:41 - [TEST_STEP][PASSED] - takeFullPageScreenshot(): Taking screenshot successfully

2024-07-17 09:43:42 - [MESSAGE][INFO] - 0 hidden object(s)

2024-07-17 09:43:42 - [MESSAGE][PASSED] - Taking screenshot successfully
[[ATTACHMENT|C:\\Users\\PTI\\Katalon Studio\\Testing-2-master\\Reports\\20240717_093915\\Test Kontrak Harga Satuan\\20240717_093915\\1721184221698.png]]

2024-07-17 09:43:42 - [TEST_STEP][PASSED] - click(findTestObject("Object Repository/Test Hapus Daftar Kontrak Payung/Page_FinUP (Financial Integrated Applicatio_e626e9/button_Yes")): Object: 'Object Repository/Test Hapus Daftar Kontrak Payung/Page_FinUP (Financial Integrated Applicatio_e626e9/button_Yes' is clicked on

2024-07-17 09:43:42 - [MESSAGE][PASSED] - Object: 'Object Repository/Test Hapus Daftar Kontrak Payung/Page_FinUP (Financial Integrated Applicatio_e626e9/button_Yes' is clicked on

2024-07-17 09:43:42 - [TEST_STEP][PASSED] - takeFullPageScreenshot(): Taking screenshot successfully

2024-07-17 09:43:43 - [MESSAGE][INFO] - 0 hidden object(s)

2024-07-17 09:43:43 - [MESSAGE][PASSED] - Taking screenshot successfully
[[ATTACHMENT|C:\\Users\\PTI\\Katalon Studio\\Testing-2-master\\Reports\\20240717_093915\\Test Kontrak Harga Satuan\\20240717_093915\\1721184222707.png]]]]></system-out>
         <system-err><![CDATA[]]></system-err>
      </testcase>
      <testcase name="Test Cases/Form Direksi/Test Tambah Daftar Direksi Pekerjaan (Form Kontrak Harga Satuan)" time="61.54" classname="Test Cases/Form Direksi/Test Tambah Daftar Direksi Pekerjaan (Form Kontrak Harga Satuan)" status="PASSED">
         <system-out><![CDATA[2024-07-17 09:43:43 - [TEST_CASE][PASSED] - Test Cases/Form Direksi/Test Tambah Daftar Direksi Pekerjaan (Form Kontrak Harga Satuan): Test Cases/Form Direksi/Test Tambah Daftar Direksi Pekerjaan (Form Kontrak Harga Satuan)

2024-07-17 09:43:43 - [TEST_STEP][PASSED] - openBrowser(""): Browser is opened with url: ''

2024-07-17 09:43:43 - [MESSAGE][WARNING] - A browser is already opened. Closing browser and opening a new one

2024-07-17 09:43:44 - [MESSAGE][INFO] - Starting 'Chrome' driver

2024-07-17 09:43:44 - [MESSAGE][INFO] - Action delay is set to 0 milliseconds

2024-07-17 09:43:46 - [MESSAGE][PASSED] - Browser is opened with url: ''

2024-07-17 09:43:46 - [TEST_STEP][PASSED] - navigateToUrl("http://10.7.1.169/"): Navigate to 'http://10.7.1.169/' successfully

2024-07-17 09:43:49 - [MESSAGE][PASSED] - Navigate to 'http://10.7.1.169/' successfully

2024-07-17 09:43:49 - [TEST_STEP][PASSED] - setText(findTestObject("Object Repository/Test Tambah Daftar Direksi Pekerjaan (Form Kontrak Harga Satuan)/Page_FinUP (Financial Integrated Applicatio_e626e9/input_Financial Integrated Applications - N_61d5e8"), "admin"): Text 'admin' is set on object 'Object Repository/Test Tambah Daftar Direksi Pekerjaan (Form Kontrak Harga Satuan)/Page_FinUP (Financial Integrated Applicatio_e626e9/input_Financial Integrated Applications - N_61d5e8'

2024-07-17 09:43:50 - [MESSAGE][PASSED] - Text 'admin' is set on object 'Object Repository/Test Tambah Daftar Direksi Pekerjaan (Form Kontrak Harga Satuan)/Page_FinUP (Financial Integrated Applicatio_e626e9/input_Financial Integrated Applications - N_61d5e8'

2024-07-17 09:43:50 - [TEST_STEP][PASSED] - takeFullPageScreenshot(): Taking screenshot successfully

2024-07-17 09:43:51 - [MESSAGE][INFO] - 0 hidden object(s)

2024-07-17 09:43:51 - [MESSAGE][PASSED] - Taking screenshot successfully
[[ATTACHMENT|C:\\Users\\PTI\\Katalon Studio\\Testing-2-master\\Reports\\20240717_093915\\Test Kontrak Harga Satuan\\20240717_093915\\1721184230452.png]]

2024-07-17 09:43:51 - [TEST_STEP][PASSED] - setEncryptedText(findTestObject("Object Repository/Test Tambah Daftar Direksi Pekerjaan (Form Kontrak Harga Satuan)/Page_FinUP (Financial Integrated Applicatio_e626e9/input_Financial Integrated Applications - N_61d5e8_1"), "RAIVpflpDOg="): Text ****** has been set on object 'Object Repository/Test Tambah Daftar Direksi Pekerjaan (Form Kontrak Harga Satuan)/Page_FinUP (Financial Integrated Applicatio_e626e9/input_Financial Integrated Applications - N_61d5e8_1'

2024-07-17 09:43:52 - [MESSAGE][PASSED] - Text ****** has been set on object 'Object Repository/Test Tambah Daftar Direksi Pekerjaan (Form Kontrak Harga Satuan)/Page_FinUP (Financial Integrated Applicatio_e626e9/input_Financial Integrated Applications - N_61d5e8_1'

2024-07-17 09:43:52 - [TEST_STEP][PASSED] - takeFullPageScreenshot(): Taking screenshot successfully

2024-07-17 09:43:52 - [MESSAGE][INFO] - 0 hidden object(s)

2024-07-17 09:43:53 - [MESSAGE][PASSED] - Taking screenshot successfully
[[ATTACHMENT|C:\\Users\\PTI\\Katalon Studio\\Testing-2-master\\Reports\\20240717_093915\\Test Kontrak Harga Satuan\\20240717_093915\\1721184232218.png]]

2024-07-17 09:43:53 - [TEST_STEP][PASSED] - enhancedClick(findTestObject("Object Repository/Test Tambah Daftar Direksi Pekerjaan (Form Kontrak Harga Satuan)/Page_FinUP (Financial Integrated Applicatio_e626e9/span_Sign In_p-ink p-ink-active")): Object: 'Object Repository/Test Tambah Daftar Direksi Pekerjaan (Form Kontrak Harga Satuan)/Page_FinUP (Financial Integrated Applicatio_e626e9/span_Sign In_p-ink p-ink-active' is clicked on

2024-07-17 09:44:24 - [MESSAGE][PASSED] - Object: 'Object Repository/Test Tambah Daftar Direksi Pekerjaan (Form Kontrak Harga Satuan)/Page_FinUP (Financial Integrated Applicatio_e626e9/span_Sign In_p-ink p-ink-active' is clicked on

2024-07-17 09:44:24 - [TEST_STEP][PASSED] - delay(10): Delayed 10 second(s)

2024-07-17 09:44:34 - [MESSAGE][PASSED] - Delayed 10 second(s)

2024-07-17 09:44:34 - [TEST_STEP][PASSED] - takeFullPageScreenshot(): Taking screenshot successfully

2024-07-17 09:44:34 - [MESSAGE][INFO] - 0 hidden object(s)

2024-07-17 09:44:34 - [MESSAGE][PASSED] - Taking screenshot successfully
[[ATTACHMENT|C:\\Users\\PTI\\Katalon Studio\\Testing-2-master\\Reports\\20240717_093915\\Test Kontrak Harga Satuan\\20240717_093915\\1721184274072.png]]

2024-07-17 09:44:34 - [TEST_STEP][PASSED] - click(findTestObject("Object Repository/Test Tambah Daftar Direksi Pekerjaan (Form Kontrak Harga Satuan)/Page_FinUP (Financial Integrated Applicatio_e626e9/div_Contract Management")): Object: 'Object Repository/Test Tambah Daftar Direksi Pekerjaan (Form Kontrak Harga Satuan)/Page_FinUP (Financial Integrated Applicatio_e626e9/div_Contract Management' is clicked on

2024-07-17 09:44:35 - [MESSAGE][PASSED] - Object: 'Object Repository/Test Tambah Daftar Direksi Pekerjaan (Form Kontrak Harga Satuan)/Page_FinUP (Financial Integrated Applicatio_e626e9/div_Contract Management' is clicked on

2024-07-17 09:44:35 - [TEST_STEP][PASSED] - takeFullPageScreenshot(): Taking screenshot successfully

2024-07-17 09:44:36 - [MESSAGE][INFO] - 0 hidden object(s)

2024-07-17 09:44:37 - [MESSAGE][PASSED] - Taking screenshot successfully
[[ATTACHMENT|C:\\Users\\PTI\\Katalon Studio\\Testing-2-master\\Reports\\20240717_093915\\Test Kontrak Harga Satuan\\20240717_093915\\1721184275448.png]]

2024-07-17 09:44:37 - [TEST_STEP][PASSED] - enhancedClick(findTestObject("Object Repository/Test Tambah Daftar Direksi Pekerjaan (Form Kontrak Harga Satuan)/Page_FinUP (Financial Integrated Applicatio_e626e9/a_Kontrak Harga Satuan")): Object: 'Object Repository/Test Tambah Daftar Direksi Pekerjaan (Form Kontrak Harga Satuan)/Page_FinUP (Financial Integrated Applicatio_e626e9/a_Kontrak Harga Satuan' is clicked on

2024-07-17 09:44:37 - [MESSAGE][PASSED] - Object: 'Object Repository/Test Tambah Daftar Direksi Pekerjaan (Form Kontrak Harga Satuan)/Page_FinUP (Financial Integrated Applicatio_e626e9/a_Kontrak Harga Satuan' is clicked on

2024-07-17 09:44:37 - [TEST_STEP][PASSED] - takeFullPageScreenshot(): Taking screenshot successfully

2024-07-17 09:44:38 - [MESSAGE][INFO] - 0 hidden object(s)

2024-07-17 09:44:38 - [MESSAGE][PASSED] - Taking screenshot successfully
[[ATTACHMENT|C:\\Users\\PTI\\Katalon Studio\\Testing-2-master\\Reports\\20240717_093915\\Test Kontrak Harga Satuan\\20240717_093915\\1721184277639.png]]

2024-07-17 09:44:38 - [TEST_STEP][PASSED] - enhancedClick(findTestObject("Object Repository/Test Tambah Daftar Direksi Pekerjaan (Form Kontrak Harga Satuan)/Page_FinUP (Financial Integrated Applicatio_e626e9/td_Test")): Object: 'Object Repository/Test Tambah Daftar Direksi Pekerjaan (Form Kontrak Harga Satuan)/Page_FinUP (Financial Integrated Applicatio_e626e9/td_Test' is clicked on

2024-07-17 09:44:38 - [MESSAGE][PASSED] - Object: 'Object Repository/Test Tambah Daftar Direksi Pekerjaan (Form Kontrak Harga Satuan)/Page_FinUP (Financial Integrated Applicatio_e626e9/td_Test' is clicked on

2024-07-17 09:44:38 - [TEST_STEP][PASSED] - takeFullPageScreenshot(): Taking screenshot successfully

2024-07-17 09:44:39 - [MESSAGE][INFO] - 0 hidden object(s)

2024-07-17 09:44:39 - [MESSAGE][PASSED] - Taking screenshot successfully
[[ATTACHMENT|C:\\Users\\PTI\\Katalon Studio\\Testing-2-master\\Reports\\20240717_093915\\Test Kontrak Harga Satuan\\20240717_093915\\1721184278875.png]]

2024-07-17 09:44:39 - [TEST_STEP][PASSED] - click(findTestObject("Object Repository/Test Tambah Daftar Direksi Pekerjaan (Form Kontrak Harga Satuan)/Page_FinUP (Financial Integrated Applicatio_e626e9/button_Edit")): Object: 'Object Repository/Test Tambah Daftar Direksi Pekerjaan (Form Kontrak Harga Satuan)/Page_FinUP (Financial Integrated Applicatio_e626e9/button_Edit' is clicked on

2024-07-17 09:44:39 - [MESSAGE][PASSED] - Object: 'Object Repository/Test Tambah Daftar Direksi Pekerjaan (Form Kontrak Harga Satuan)/Page_FinUP (Financial Integrated Applicatio_e626e9/button_Edit' is clicked on

2024-07-17 09:44:39 - [TEST_STEP][PASSED] - takeFullPageScreenshot(): Taking screenshot successfully

2024-07-17 09:44:40 - [MESSAGE][INFO] - 0 hidden object(s)

2024-07-17 09:44:40 - [MESSAGE][PASSED] - Taking screenshot successfully
[[ATTACHMENT|C:\\Users\\PTI\\Katalon Studio\\Testing-2-master\\Reports\\20240717_093915\\Test Kontrak Harga Satuan\\20240717_093915\\1721184279779.png]]

2024-07-17 09:44:40 - [TEST_STEP][PASSED] - click(findTestObject("Object Repository/Test Tambah Daftar Direksi Pekerjaan (Form Kontrak Harga Satuan)/Page_FinUP (Financial Integrated Applicatio_e626e9/button_Baru")): Object: 'Object Repository/Test Tambah Daftar Direksi Pekerjaan (Form Kontrak Harga Satuan)/Page_FinUP (Financial Integrated Applicatio_e626e9/button_Baru' is clicked on

2024-07-17 09:44:41 - [MESSAGE][PASSED] - Object: 'Object Repository/Test Tambah Daftar Direksi Pekerjaan (Form Kontrak Harga Satuan)/Page_FinUP (Financial Integrated Applicatio_e626e9/button_Baru' is clicked on

2024-07-17 09:44:41 - [TEST_STEP][PASSED] - takeFullPageScreenshot(): Taking screenshot successfully

2024-07-17 09:44:41 - [MESSAGE][INFO] - 0 hidden object(s)

2024-07-17 09:44:41 - [MESSAGE][PASSED] - Taking screenshot successfully
[[ATTACHMENT|C:\\Users\\PTI\\Katalon Studio\\Testing-2-master\\Reports\\20240717_093915\\Test Kontrak Harga Satuan\\20240717_093915\\1721184281157.png]]

2024-07-17 09:44:41 - [TEST_STEP][PASSED] - setText(findTestObject("Object Repository/Test Tambah Daftar Direksi Pekerjaan (Form Kontrak Harga Satuan)/Page_FinUP (Financial Integrated Applicatio_e626e9/input_Direksi Pekerjaan_text-sm text-color _d6e632"), "Test"): Text 'Test' is set on object 'Object Repository/Test Tambah Daftar Direksi Pekerjaan (Form Kontrak Harga Satuan)/Page_FinUP (Financial Integrated Applicatio_e626e9/input_Direksi Pekerjaan_text-sm text-color _d6e632'

2024-07-17 09:44:42 - [MESSAGE][PASSED] - Text 'Test' is set on object 'Object Repository/Test Tambah Daftar Direksi Pekerjaan (Form Kontrak Harga Satuan)/Page_FinUP (Financial Integrated Applicatio_e626e9/input_Direksi Pekerjaan_text-sm text-color _d6e632'

2024-07-17 09:44:42 - [TEST_STEP][PASSED] - takeFullPageScreenshot(): Taking screenshot successfully

2024-07-17 09:44:42 - [MESSAGE][INFO] - 0 hidden object(s)

2024-07-17 09:44:42 - [MESSAGE][PASSED] - Taking screenshot successfully
[[ATTACHMENT|C:\\Users\\PTI\\Katalon Studio\\Testing-2-master\\Reports\\20240717_093915\\Test Kontrak Harga Satuan\\20240717_093915\\1721184282480.png]]

2024-07-17 09:44:42 - [TEST_STEP][PASSED] - click(findTestObject("Object Repository/Test Tambah Daftar Direksi Pekerjaan (Form Kontrak Harga Satuan)/Page_FinUP (Financial Integrated Applicatio_e626e9/button_")): Object: 'Object Repository/Test Tambah Daftar Direksi Pekerjaan (Form Kontrak Harga Satuan)/Page_FinUP (Financial Integrated Applicatio_e626e9/button_' is clicked on

2024-07-17 09:44:43 - [MESSAGE][PASSED] - Object: 'Object Repository/Test Tambah Daftar Direksi Pekerjaan (Form Kontrak Harga Satuan)/Page_FinUP (Financial Integrated Applicatio_e626e9/button_' is clicked on

2024-07-17 09:44:43 - [TEST_STEP][PASSED] - takeFullPageScreenshot(): Taking screenshot successfully

2024-07-17 09:44:43 - [MESSAGE][INFO] - 0 hidden object(s)

2024-07-17 09:44:43 - [MESSAGE][PASSED] - Taking screenshot successfully
[[ATTACHMENT|C:\\Users\\PTI\\Katalon Studio\\Testing-2-master\\Reports\\20240717_093915\\Test Kontrak Harga Satuan\\20240717_093915\\1721184283426.png]]

2024-07-17 09:44:43 - [TEST_STEP][PASSED] - click(findTestObject("Object Repository/Test Tambah Daftar Direksi Pekerjaan (Form Kontrak Harga Satuan)/Page_FinUP (Financial Integrated Applicatio_e626e9/button_Simpan")): Object: 'Object Repository/Test Tambah Daftar Direksi Pekerjaan (Form Kontrak Harga Satuan)/Page_FinUP (Financial Integrated Applicatio_e626e9/button_Simpan' is clicked on

2024-07-17 09:44:44 - [MESSAGE][PASSED] - Object: 'Object Repository/Test Tambah Daftar Direksi Pekerjaan (Form Kontrak Harga Satuan)/Page_FinUP (Financial Integrated Applicatio_e626e9/button_Simpan' is clicked on

2024-07-17 09:44:44 - [TEST_STEP][PASSED] - takeFullPageScreenshot(): Taking screenshot successfully

2024-07-17 09:44:44 - [MESSAGE][INFO] - 0 hidden object(s)

2024-07-17 09:44:44 - [MESSAGE][PASSED] - Taking screenshot successfully
[[ATTACHMENT|C:\\Users\\PTI\\Katalon Studio\\Testing-2-master\\Reports\\20240717_093915\\Test Kontrak Harga Satuan\\20240717_093915\\1721184284295.png]]]]></system-out>
         <system-err><![CDATA[]]></system-err>
      </testcase>
      <testcase name="Test Cases/Form Direksi/Test Edit Daftar Direksi Pekerjaan (Form Kontrak Harga Satuan)" time="59.85" classname="Test Cases/Form Direksi/Test Edit Daftar Direksi Pekerjaan (Form Kontrak Harga Satuan)" status="PASSED">
         <system-out><![CDATA[2024-07-17 09:44:44 - [TEST_CASE][PASSED] - Test Cases/Form Direksi/Test Edit Daftar Direksi Pekerjaan (Form Kontrak Harga Satuan): Test Cases/Form Direksi/Test Edit Daftar Direksi Pekerjaan (Form Kontrak Harga Satuan)

2024-07-17 09:44:45 - [TEST_STEP][PASSED] - openBrowser(""): Browser is opened with url: ''

2024-07-17 09:44:45 - [MESSAGE][WARNING] - A browser is already opened. Closing browser and opening a new one

2024-07-17 09:44:46 - [MESSAGE][INFO] - Starting 'Chrome' driver

2024-07-17 09:44:46 - [MESSAGE][INFO] - Action delay is set to 0 milliseconds

2024-07-17 09:44:48 - [MESSAGE][PASSED] - Browser is opened with url: ''

2024-07-17 09:44:48 - [TEST_STEP][PASSED] - navigateToUrl("http://10.7.1.169/"): Navigate to 'http://10.7.1.169/' successfully

2024-07-17 09:44:50 - [MESSAGE][PASSED] - Navigate to 'http://10.7.1.169/' successfully

2024-07-17 09:44:50 - [TEST_STEP][PASSED] - setText(findTestObject("Object Repository/Test Edit Daftar Direksi Pekerjaan (Form Kontrak Harga Satuan)/Page_FinUP (Financial Integrated Applicatio_e626e9/input_Financial Integrated Applications - N_61d5e8"), "admin"): Text 'admin' is set on object 'Object Repository/Test Edit Daftar Direksi Pekerjaan (Form Kontrak Harga Satuan)/Page_FinUP (Financial Integrated Applicatio_e626e9/input_Financial Integrated Applications - N_61d5e8'

2024-07-17 09:44:51 - [MESSAGE][PASSED] - Text 'admin' is set on object 'Object Repository/Test Edit Daftar Direksi Pekerjaan (Form Kontrak Harga Satuan)/Page_FinUP (Financial Integrated Applicatio_e626e9/input_Financial Integrated Applications - N_61d5e8'

2024-07-17 09:44:51 - [TEST_STEP][PASSED] - takeFullPageScreenshot(): Taking screenshot successfully

2024-07-17 09:44:51 - [MESSAGE][INFO] - 0 hidden object(s)

2024-07-17 09:44:51 - [MESSAGE][PASSED] - Taking screenshot successfully
[[ATTACHMENT|C:\\Users\\PTI\\Katalon Studio\\Testing-2-master\\Reports\\20240717_093915\\Test Kontrak Harga Satuan\\20240717_093915\\1721184291337.png]]

2024-07-17 09:44:51 - [TEST_STEP][PASSED] - setEncryptedText(findTestObject("Object Repository/Test Edit Daftar Direksi Pekerjaan (Form Kontrak Harga Satuan)/Page_FinUP (Financial Integrated Applicatio_e626e9/input_Financial Integrated Applications - N_141562"), "RAIVpflpDOg="): Text ****** has been set on object 'Object Repository/Test Edit Daftar Direksi Pekerjaan (Form Kontrak Harga Satuan)/Page_FinUP (Financial Integrated Applicatio_e626e9/input_Financial Integrated Applications - N_141562'

2024-07-17 09:44:52 - [MESSAGE][PASSED] - Text ****** has been set on object 'Object Repository/Test Edit Daftar Direksi Pekerjaan (Form Kontrak Harga Satuan)/Page_FinUP (Financial Integrated Applicatio_e626e9/input_Financial Integrated Applications - N_141562'

2024-07-17 09:44:52 - [TEST_STEP][PASSED] - takeFullPageScreenshot(): Taking screenshot successfully

2024-07-17 09:44:52 - [MESSAGE][INFO] - 0 hidden object(s)

2024-07-17 09:44:52 - [MESSAGE][PASSED] - Taking screenshot successfully
[[ATTACHMENT|C:\\Users\\PTI\\Katalon Studio\\Testing-2-master\\Reports\\20240717_093915\\Test Kontrak Harga Satuan\\20240717_093915\\1721184292377.png]]

2024-07-17 09:44:52 - [TEST_STEP][PASSED] - enhancedClick(findTestObject("Object Repository/Test Edit Daftar Direksi Pekerjaan (Form Kontrak Harga Satuan)/Page_FinUP (Financial Integrated Applicatio_e626e9/span_Sign In_p-ink p-ink-active")): Object: 'Object Repository/Test Edit Daftar Direksi Pekerjaan (Form Kontrak Harga Satuan)/Page_FinUP (Financial Integrated Applicatio_e626e9/span_Sign In_p-ink p-ink-active' is clicked on

2024-07-17 09:45:24 - [MESSAGE][PASSED] - Object: 'Object Repository/Test Edit Daftar Direksi Pekerjaan (Form Kontrak Harga Satuan)/Page_FinUP (Financial Integrated Applicatio_e626e9/span_Sign In_p-ink p-ink-active' is clicked on

2024-07-17 09:45:24 - [TEST_STEP][PASSED] - delay(10): Delayed 10 second(s)

2024-07-17 09:45:34 - [MESSAGE][PASSED] - Delayed 10 second(s)

2024-07-17 09:45:34 - [TEST_STEP][PASSED] - takeFullPageScreenshot(): Taking screenshot successfully

2024-07-17 09:45:35 - [MESSAGE][INFO] - 0 hidden object(s)

2024-07-17 09:45:35 - [MESSAGE][PASSED] - Taking screenshot successfully
[[ATTACHMENT|C:\\Users\\PTI\\Katalon Studio\\Testing-2-master\\Reports\\20240717_093915\\Test Kontrak Harga Satuan\\20240717_093915\\1721184334515.png]]

2024-07-17 09:45:35 - [TEST_STEP][PASSED] - click(findTestObject("Object Repository/Test Edit Daftar Direksi Pekerjaan (Form Kontrak Harga Satuan)/Page_FinUP (Financial Integrated Applicatio_e626e9/div_Contract Management")): Object: 'Object Repository/Test Edit Daftar Direksi Pekerjaan (Form Kontrak Harga Satuan)/Page_FinUP (Financial Integrated Applicatio_e626e9/div_Contract Management' is clicked on

2024-07-17 09:45:35 - [MESSAGE][PASSED] - Object: 'Object Repository/Test Edit Daftar Direksi Pekerjaan (Form Kontrak Harga Satuan)/Page_FinUP (Financial Integrated Applicatio_e626e9/div_Contract Management' is clicked on

2024-07-17 09:45:35 - [TEST_STEP][PASSED] - takeFullPageScreenshot(): Taking screenshot successfully

2024-07-17 09:45:36 - [MESSAGE][INFO] - 0 hidden object(s)

2024-07-17 09:45:37 - [MESSAGE][PASSED] - Taking screenshot successfully
[[ATTACHMENT|C:\\Users\\PTI\\Katalon Studio\\Testing-2-master\\Reports\\20240717_093915\\Test Kontrak Harga Satuan\\20240717_093915\\1721184335854.png]]

2024-07-17 09:45:37 - [TEST_STEP][PASSED] - enhancedClick(findTestObject("Object Repository/Test Edit Daftar Direksi Pekerjaan (Form Kontrak Harga Satuan)/Page_FinUP (Financial Integrated Applicatio_e626e9/a_Kontrak Harga Satuan")): Object: 'Object Repository/Test Edit Daftar Direksi Pekerjaan (Form Kontrak Harga Satuan)/Page_FinUP (Financial Integrated Applicatio_e626e9/a_Kontrak Harga Satuan' is clicked on

2024-07-17 09:45:37 - [MESSAGE][PASSED] - Object: 'Object Repository/Test Edit Daftar Direksi Pekerjaan (Form Kontrak Harga Satuan)/Page_FinUP (Financial Integrated Applicatio_e626e9/a_Kontrak Harga Satuan' is clicked on

2024-07-17 09:45:37 - [TEST_STEP][PASSED] - takeFullPageScreenshot(): Taking screenshot successfully

2024-07-17 09:45:37 - [MESSAGE][INFO] - 0 hidden object(s)

2024-07-17 09:45:38 - [MESSAGE][PASSED] - Taking screenshot successfully
[[ATTACHMENT|C:\\Users\\PTI\\Katalon Studio\\Testing-2-master\\Reports\\20240717_093915\\Test Kontrak Harga Satuan\\20240717_093915\\1721184337542.png]]

2024-07-17 09:45:38 - [TEST_STEP][PASSED] - enhancedClick(findTestObject("Object Repository/Test Edit Daftar Direksi Pekerjaan (Form Kontrak Harga Satuan)/Page_FinUP (Financial Integrated Applicatio_e626e9/td")): Object: 'Object Repository/Test Edit Daftar Direksi Pekerjaan (Form Kontrak Harga Satuan)/Page_FinUP (Financial Integrated Applicatio_e626e9/td' is clicked on

2024-07-17 09:45:38 - [MESSAGE][PASSED] - Object: 'Object Repository/Test Edit Daftar Direksi Pekerjaan (Form Kontrak Harga Satuan)/Page_FinUP (Financial Integrated Applicatio_e626e9/td' is clicked on

2024-07-17 09:45:38 - [TEST_STEP][PASSED] - takeFullPageScreenshot(): Taking screenshot successfully

2024-07-17 09:45:39 - [MESSAGE][INFO] - 0 hidden object(s)

2024-07-17 09:45:39 - [MESSAGE][PASSED] - Taking screenshot successfully
[[ATTACHMENT|C:\\Users\\PTI\\Katalon Studio\\Testing-2-master\\Reports\\20240717_093915\\Test Kontrak Harga Satuan\\20240717_093915\\1721184338749.png]]

2024-07-17 09:45:39 - [TEST_STEP][PASSED] - click(findTestObject("Object Repository/Test Edit Daftar Direksi Pekerjaan (Form Kontrak Harga Satuan)/Page_FinUP (Financial Integrated Applicatio_e626e9/button_Edit")): Object: 'Object Repository/Test Edit Daftar Direksi Pekerjaan (Form Kontrak Harga Satuan)/Page_FinUP (Financial Integrated Applicatio_e626e9/button_Edit' is clicked on

2024-07-17 09:45:39 - [MESSAGE][PASSED] - Object: 'Object Repository/Test Edit Daftar Direksi Pekerjaan (Form Kontrak Harga Satuan)/Page_FinUP (Financial Integrated Applicatio_e626e9/button_Edit' is clicked on

2024-07-17 09:45:39 - [TEST_STEP][PASSED] - takeFullPageScreenshot(): Taking screenshot successfully

2024-07-17 09:45:40 - [MESSAGE][INFO] - 0 hidden object(s)

2024-07-17 09:45:40 - [MESSAGE][PASSED] - Taking screenshot successfully
[[ATTACHMENT|C:\\Users\\PTI\\Katalon Studio\\Testing-2-master\\Reports\\20240717_093915\\Test Kontrak Harga Satuan\\20240717_093915\\1721184339634.png]]

2024-07-17 09:45:40 - [TEST_STEP][PASSED] - click(findTestObject("Object Repository/Test Edit Daftar Direksi Pekerjaan (Form Kontrak Harga Satuan)/Page_FinUP (Financial Integrated Applicatio_e626e9/button_")): Object: 'Object Repository/Test Edit Daftar Direksi Pekerjaan (Form Kontrak Harga Satuan)/Page_FinUP (Financial Integrated Applicatio_e626e9/button_' is clicked on

2024-07-17 09:45:40 - [MESSAGE][PASSED] - Object: 'Object Repository/Test Edit Daftar Direksi Pekerjaan (Form Kontrak Harga Satuan)/Page_FinUP (Financial Integrated Applicatio_e626e9/button_' is clicked on

2024-07-17 09:45:40 - [TEST_STEP][PASSED] - takeFullPageScreenshot(): Taking screenshot successfully

2024-07-17 09:45:41 - [MESSAGE][INFO] - 0 hidden object(s)

2024-07-17 09:45:41 - [MESSAGE][PASSED] - Taking screenshot successfully
[[ATTACHMENT|C:\\Users\\PTI\\Katalon Studio\\Testing-2-master\\Reports\\20240717_093915\\Test Kontrak Harga Satuan\\20240717_093915\\1721184340784.png]]

2024-07-17 09:45:41 - [TEST_STEP][PASSED] - setText(findTestObject("Object Repository/Test Edit Daftar Direksi Pekerjaan (Form Kontrak Harga Satuan)/Page_FinUP (Financial Integrated Applicatio_e626e9/input_Direksi Pekerjaan_text-sm text-color _ecc456"), "Test Direksi Pekerjaan"): Text 'Test Direksi Pekerjaan' is set on object 'Object Repository/Test Edit Daftar Direksi Pekerjaan (Form Kontrak Harga Satuan)/Page_FinUP (Financial Integrated Applicatio_e626e9/input_Direksi Pekerjaan_text-sm text-color _ecc456'

2024-07-17 09:45:42 - [MESSAGE][PASSED] - Text 'Test Direksi Pekerjaan' is set on object 'Object Repository/Test Edit Daftar Direksi Pekerjaan (Form Kontrak Harga Satuan)/Page_FinUP (Financial Integrated Applicatio_e626e9/input_Direksi Pekerjaan_text-sm text-color _ecc456'

2024-07-17 09:45:42 - [TEST_STEP][PASSED] - takeFullPageScreenshot(): Taking screenshot successfully

2024-07-17 09:45:42 - [MESSAGE][INFO] - 0 hidden object(s)

2024-07-17 09:45:42 - [MESSAGE][PASSED] - Taking screenshot successfully
[[ATTACHMENT|C:\\Users\\PTI\\Katalon Studio\\Testing-2-master\\Reports\\20240717_093915\\Test Kontrak Harga Satuan\\20240717_093915\\1721184342252.png]]

2024-07-17 09:45:42 - [TEST_STEP][PASSED] - click(findTestObject("Object Repository/Test Edit Daftar Direksi Pekerjaan (Form Kontrak Harga Satuan)/Page_FinUP (Financial Integrated Applicatio_e626e9/button_")): Object: 'Object Repository/Test Edit Daftar Direksi Pekerjaan (Form Kontrak Harga Satuan)/Page_FinUP (Financial Integrated Applicatio_e626e9/button_' is clicked on

2024-07-17 09:45:43 - [MESSAGE][PASSED] - Object: 'Object Repository/Test Edit Daftar Direksi Pekerjaan (Form Kontrak Harga Satuan)/Page_FinUP (Financial Integrated Applicatio_e626e9/button_' is clicked on

2024-07-17 09:45:43 - [TEST_STEP][PASSED] - takeFullPageScreenshot(): Taking screenshot successfully

2024-07-17 09:45:43 - [MESSAGE][INFO] - 0 hidden object(s)

2024-07-17 09:45:43 - [MESSAGE][PASSED] - Taking screenshot successfully
[[ATTACHMENT|C:\\Users\\PTI\\Katalon Studio\\Testing-2-master\\Reports\\20240717_093915\\Test Kontrak Harga Satuan\\20240717_093915\\1721184343225.png]]

2024-07-17 09:45:43 - [TEST_STEP][PASSED] - click(findTestObject("Object Repository/Test Edit Daftar Direksi Pekerjaan (Form Kontrak Harga Satuan)/Page_FinUP (Financial Integrated Applicatio_e626e9/button_Simpan")): Object: 'Object Repository/Test Edit Daftar Direksi Pekerjaan (Form Kontrak Harga Satuan)/Page_FinUP (Financial Integrated Applicatio_e626e9/button_Simpan' is clicked on

2024-07-17 09:45:44 - [MESSAGE][PASSED] - Object: 'Object Repository/Test Edit Daftar Direksi Pekerjaan (Form Kontrak Harga Satuan)/Page_FinUP (Financial Integrated Applicatio_e626e9/button_Simpan' is clicked on

2024-07-17 09:45:44 - [TEST_STEP][PASSED] - takeFullPageScreenshot(): Taking screenshot successfully

2024-07-17 09:45:44 - [MESSAGE][INFO] - 0 hidden object(s)

2024-07-17 09:45:44 - [MESSAGE][PASSED] - Taking screenshot successfully
[[ATTACHMENT|C:\\Users\\PTI\\Katalon Studio\\Testing-2-master\\Reports\\20240717_093915\\Test Kontrak Harga Satuan\\20240717_093915\\1721184344168.png]]]]></system-out>
         <system-err><![CDATA[]]></system-err>
      </testcase>
      <testcase name="Test Cases/Form Direksi/Test Hapus Daftar Direksi Pekerjaan (Form Kontrak Harga Satuan)" time="49.748" classname="Test Cases/Form Direksi/Test Hapus Daftar Direksi Pekerjaan (Form Kontrak Harga Satuan)" status="PASSED">
         <system-out><![CDATA[2024-07-17 09:45:44 - [TEST_CASE][PASSED] - Test Cases/Form Direksi/Test Hapus Daftar Direksi Pekerjaan (Form Kontrak Harga Satuan): Test Cases/Form Direksi/Test Hapus Daftar Direksi Pekerjaan (Form Kontrak Harga Satuan)

2024-07-17 09:45:45 - [TEST_STEP][PASSED] - openBrowser(""): Browser is opened with url: ''

2024-07-17 09:45:45 - [MESSAGE][WARNING] - A browser is already opened. Closing browser and opening a new one

2024-07-17 09:45:46 - [MESSAGE][INFO] - Starting 'Chrome' driver

2024-07-17 09:45:46 - [MESSAGE][INFO] - Action delay is set to 0 milliseconds

2024-07-17 09:45:47 - [MESSAGE][PASSED] - Browser is opened with url: ''

2024-07-17 09:45:47 - [TEST_STEP][PASSED] - navigateToUrl("http://10.7.1.169/"): Navigate to 'http://10.7.1.169/' successfully

2024-07-17 09:45:49 - [MESSAGE][PASSED] - Navigate to 'http://10.7.1.169/' successfully

2024-07-17 09:45:49 - [TEST_STEP][PASSED] - setText(findTestObject("Object Repository/Test Hapus Daftar Direksi Pekerjaan (Form Kontrak Harga Satuan)/Page_FinUP (Financial Integrated Applicatio_e626e9/input_Financial Integrated Applications - N_61d5e8"), "admin"): Text 'admin' is set on object 'Object Repository/Test Hapus Daftar Direksi Pekerjaan (Form Kontrak Harga Satuan)/Page_FinUP (Financial Integrated Applicatio_e626e9/input_Financial Integrated Applications - N_61d5e8'

[...]

2024-07-17 10:05:48 - [MESSAGE][PASSED] - Text ****** has been set on object 'Object Repository/hapus do payung/Page_FinUP (Financial Integrated Applicatio_e626e9/input_Financial Integrated Applications - N_61d5e8_1'

2024-07-17 10:05:48 - [TEST_STEP][PASSED] - takeFullPageScreenshot(): Taking screenshot successfully

2024-07-17 10:05:48 - [MESSAGE][INFO] - 0 hidden object(s)

2024-07-17 10:05:48 - [MESSAGE][PASSED] - Taking screenshot successfully
[[ATTACHMENT|C:\\Users\\PTI\\Katalon Studio\\Testing-2-master\\Reports\\20240717_093915\\Test Kontrak Harga Satuan\\20240717_093915\\1721185548140.png]]

2024-07-17 10:05:48 - [TEST_STEP][PASSED] - enhancedClick(findTestObject("Object Repository/hapus do payung/Page_FinUP (Financial Integrated Applicatio_e626e9/span_Sign In_p-ink p-ink-active")): Object: 'Object Repository/hapus do payung/Page_FinUP (Financial Integrated Applicatio_e626e9/span_Sign In_p-ink p-ink-active' is clicked on

2024-07-17 10:06:19 - [MESSAGE][PASSED] - Object: 'Object Repository/hapus do payung/Page_FinUP (Financial Integrated Applicatio_e626e9/span_Sign In_p-ink p-ink-active' is clicked on

2024-07-17 10:06:19 - [TEST_STEP][PASSED] - delay(10): Delayed 10 second(s)

2024-07-17 10:06:29 - [MESSAGE][PASSED] - Delayed 10 second(s)

2024-07-17 10:06:29 - [TEST_STEP][PASSED] - takeFullPageScreenshot(): Taking screenshot successfully

2024-07-17 10:06:30 - [MESSAGE][INFO] - 0 hidden object(s)

2024-07-17 10:06:30 - [MESSAGE][PASSED] - Taking screenshot successfully
[[ATTACHMENT|C:\\Users\\PTI\\Katalon Studio\\Testing-2-master\\Reports\\20240717_093915\\Test Kontrak Harga Satuan\\20240717_093915\\1721185589841.png]]

2024-07-17 10:06:30 - [TEST_STEP][PASSED] - click(findTestObject("Object Repository/hapus do payung/Page_FinUP (Financial Integrated Applicatio_e626e9/div_Contract Management")): Object: 'Object Repository/hapus do payung/Page_FinUP (Financial Integrated Applicatio_e626e9/div_Contract Management' is clicked on

2024-07-17 10:06:31 - [MESSAGE][PASSED] - Object: 'Object Repository/hapus do payung/Page_FinUP (Financial Integrated Applicatio_e626e9/div_Contract Management' is clicked on

2024-07-17 10:06:31 - [TEST_STEP][PASSED] - takeFullPageScreenshot(): Taking screenshot successfully

2024-07-17 10:06:32 - [MESSAGE][INFO] - 0 hidden object(s)

2024-07-17 10:06:32 - [MESSAGE][PASSED] - Taking screenshot successfully
[[ATTACHMENT|C:\\Users\\PTI\\Katalon Studio\\Testing-2-master\\Reports\\20240717_093915\\Test Kontrak Harga Satuan\\20240717_093915\\1721185591104.png]]

2024-07-17 10:06:32 - [TEST_STEP][PASSED] - enhancedClick(findTestObject("Object Repository/hapus do payung/Page_FinUP (Financial Integrated Applicatio_e626e9/a_Kontrak Harga Satuan")): Object: 'Object Repository/hapus do payung/Page_FinUP (Financial Integrated Applicatio_e626e9/a_Kontrak Harga Satuan' is clicked on

2024-07-17 10:06:33 - [MESSAGE][PASSED] - Object: 'Object Repository/hapus do payung/Page_FinUP (Financial Integrated Applicatio_e626e9/a_Kontrak Harga Satuan' is clicked on

2024-07-17 10:06:33 - [TEST_STEP][PASSED] - takeFullPageScreenshot(): Taking screenshot successfully

2024-07-17 10:06:33 - [MESSAGE][INFO] - 0 hidden object(s)

2024-07-17 10:06:33 - [MESSAGE][PASSED] - Taking screenshot successfully
[[ATTACHMENT|C:\\Users\\PTI\\Katalon Studio\\Testing-2-master\\Reports\\20240717_093915\\Test Kontrak Harga Satuan\\20240717_093915\\1721185593123.png]]

2024-07-17 10:06:33 - [TEST_STEP][PASSED] - enhancedClick(findTestObject("Object Repository/hapus do payung/Page_FinUP (Financial Integrated Applicatio_e626e9/td_Test")): Object: 'Object Repository/hapus do payung/Page_FinUP (Financial Integrated Applicatio_e626e9/td_Test' is clicked on

2024-07-17 10:06:34 - [MESSAGE][PASSED] - Object: 'Object Repository/hapus do payung/Page_FinUP (Financial Integrated Applicatio_e626e9/td_Test' is clicked on

2024-07-17 10:06:34 - [TEST_STEP][PASSED] - takeFullPageScreenshot(): Taking screenshot successfully

2024-07-17 10:06:34 - [MESSAGE][INFO] - 0 hidden object(s)

2024-07-17 10:06:34 - [MESSAGE][PASSED] - Taking screenshot successfully
[[ATTACHMENT|C:\\Users\\PTI\\Katalon Studio\\Testing-2-master\\Reports\\20240717_093915\\Test Kontrak Harga Satuan\\20240717_093915\\1721185594358.png]]

2024-07-17 10:06:34 - [TEST_STEP][PASSED] - click(findTestObject("Object Repository/hapus do payung/Page_FinUP (Financial Integrated Applicatio_e626e9/button_Edit")): Object: 'Object Repository/hapus do payung/Page_FinUP (Financial Integrated Applicatio_e626e9/button_Edit' is clicked on

2024-07-17 10:06:35 - [MESSAGE][PASSED] - Object: 'Object Repository/hapus do payung/Page_FinUP (Financial Integrated Applicatio_e626e9/button_Edit' is clicked on

2024-07-17 10:06:35 - [TEST_STEP][PASSED] - takeFullPageScreenshot(): Taking screenshot successfully

2024-07-17 10:06:35 - [MESSAGE][INFO] - 0 hidden object(s)

2024-07-17 10:06:36 - [MESSAGE][PASSED] - Taking screenshot successfully
[[ATTACHMENT|C:\\Users\\PTI\\Katalon Studio\\Testing-2-master\\Reports\\20240717_093915\\Test Kontrak Harga Satuan\\20240717_093915\\1721185595282.png]]

2024-07-17 10:06:36 - [TEST_STEP][PASSED] - enhancedClick(findTestObject("Object Repository/hapus do payung/Page_FinUP (Financial Integrated Applicatio_e626e9/td_Test_1")): Object: 'Object Repository/hapus do payung/Page_FinUP (Financial Integrated Applicatio_e626e9/td_Test_1' is clicked on

2024-07-17 10:06:36 - [MESSAGE][PASSED] - Object: 'Object Repository/hapus do payung/Page_FinUP (Financial Integrated Applicatio_e626e9/td_Test_1' is clicked on

2024-07-17 10:06:36 - [TEST_STEP][PASSED] - takeFullPageScreenshot(): Taking screenshot successfully

2024-07-17 10:06:36 - [MESSAGE][INFO] - 0 hidden object(s)

2024-07-17 10:06:36 - [MESSAGE][PASSED] - Taking screenshot successfully
[[ATTACHMENT|C:\\Users\\PTI\\Katalon Studio\\Testing-2-master\\Reports\\20240717_093915\\Test Kontrak Harga Satuan\\20240717_093915\\1721185596504.png]]

2024-07-17 10:06:36 - [TEST_STEP][PASSED] - click(findTestObject("Object Repository/hapus do payung/Page_FinUP (Financial Integrated Applicatio_e626e9/button_Edit_1")): Object: 'Object Repository/hapus do payung/Page_FinUP (Financial Integrated Applicatio_e626e9/button_Edit_1' is clicked on

2024-07-17 10:06:37 - [MESSAGE][PASSED] - Object: 'Object Repository/hapus do payung/Page_FinUP (Financial Integrated Applicatio_e626e9/button_Edit_1' is clicked on

2024-07-17 10:06:37 - [TEST_STEP][PASSED] - takeFullPageScreenshot(): Taking screenshot successfully

2024-07-17 10:06:37 - [MESSAGE][INFO] - 0 hidden object(s)

2024-07-17 10:06:38 - [MESSAGE][PASSED] - Taking screenshot successfully
[[ATTACHMENT|C:\\Users\\PTI\\Katalon Studio\\Testing-2-master\\Reports\\20240717_093915\\Test Kontrak Harga Satuan\\20240717_093915\\1721185597441.png]]

2024-07-17 10:06:38 - [TEST_STEP][PASSED] - click(findTestObject("Object Repository/hapus do payung/Page_FinUP (Financial Integrated Applicatio_e626e9/button_")): Object: 'Object Repository/hapus do payung/Page_FinUP (Financial Integrated Applicatio_e626e9/button_' is clicked on

2024-07-17 10:06:38 - [MESSAGE][PASSED] - Object: 'Object Repository/hapus do payung/Page_FinUP (Financial Integrated Applicatio_e626e9/button_' is clicked on

2024-07-17 10:06:38 - [TEST_STEP][PASSED] - takeFullPageScreenshot(): Taking screenshot successfully

2024-07-17 10:06:38 - [MESSAGE][INFO] - 0 hidden object(s)

2024-07-17 10:06:38 - [MESSAGE][PASSED] - Taking screenshot successfully
[[ATTACHMENT|C:\\Users\\PTI\\Katalon Studio\\Testing-2-master\\Reports\\20240717_093915\\Test Kontrak Harga Satuan\\20240717_093915\\1721185598523.png]]

2024-07-17 10:06:38 - [TEST_STEP][PASSED] - delay(5): Delayed 5 second(s)

2024-07-17 10:06:43 - [MESSAGE][PASSED] - Delayed 5 second(s)

2024-07-17 10:06:43 - [TEST_STEP][PASSED] - takeFullPageScreenshot(): Taking screenshot successfully

2024-07-17 10:06:44 - [MESSAGE][INFO] - 0 hidden object(s)

2024-07-17 10:06:44 - [MESSAGE][PASSED] - Taking screenshot successfully
[[ATTACHMENT|C:\\Users\\PTI\\Katalon Studio\\Testing-2-master\\Reports\\20240717_093915\\Test Kontrak Harga Satuan\\20240717_093915\\1721185603956.png]]

2024-07-17 10:06:44 - [TEST_STEP][PASSED] - click(findTestObject("Object Repository/hapus do payung/Page_FinUP (Financial Integrated Applicatio_e626e9/button_Simpan")): Object: 'Object Repository/hapus do payung/Page_FinUP (Financial Integrated Applicatio_e626e9/button_Simpan' is clicked on

2024-07-17 10:06:44 - [MESSAGE][PASSED] - Object: 'Object Repository/hapus do payung/Page_FinUP (Financial Integrated Applicatio_e626e9/button_Simpan' is clicked on

2024-07-17 10:06:44 - [TEST_STEP][PASSED] - takeFullPageScreenshot(): Taking screenshot successfully

2024-07-17 10:06:45 - [MESSAGE][INFO] - 0 hidden object(s)

2024-07-17 10:06:45 - [MESSAGE][PASSED] - Taking screenshot successfully
[[ATTACHMENT|C:\\Users\\PTI\\Katalon Studio\\Testing-2-master\\Reports\\20240717_093915\\Test Kontrak Harga Satuan\\20240717_093915\\1721185604853.png]]]]></system-out>
         <system-err><![CDATA[]]></system-err>
      </testcase>
      <testcase name="Test Cases/Test Hapus Daftar Delivery Order" time="58.78" classname="Test Cases/Test Hapus Daftar Delivery Order" status="PASSED">
         <system-out><![CDATA[2024-07-17 10:06:45 - [TEST_CASE][PASSED] - Test Cases/Test Hapus Daftar Delivery Order: Test Cases/Test Hapus Daftar Delivery Order

2024-07-17 10:06:45 - [TEST_STEP][PASSED] - openBrowser(""): Browser is opened with url: ''

2024-07-17 10:06:45 - [MESSAGE][WARNING] - A browser is already opened. Closing browser and opening a new one

2024-07-17 10:06:46 - [MESSAGE][INFO] - Starting 'Chrome' driver

2024-07-17 10:06:46 - [MESSAGE][INFO] - Action delay is set to 0 milliseconds

2024-07-17 10:06:48 - [MESSAGE][PASSED] - Browser is opened with url: ''

2024-07-17 10:06:48 - [TEST_STEP][PASSED] - navigateToUrl("http://10.7.1.169/"): Navigate to 'http://10.7.1.169/' successfully

2024-07-17 10:06:50 - [MESSAGE][PASSED] - Navigate to 'http://10.7.1.169/' successfully

2024-07-17 10:06:50 - [TEST_STEP][PASSED] - setText(findTestObject("Object Repository/Test Hapus Delivery Order/Page_FinUP (Financial Integrated Applicatio_e626e9/input_Financial Integrated Applications - N_61d5e8"), "admin"): Text 'admin' is set on object 'Object Repository/Test Hapus Delivery Order/Page_FinUP (Financial Integrated Applicatio_e626e9/input_Financial Integrated Applications - N_61d5e8'

2024-07-17 10:06:51 - [MESSAGE][PASSED] - Text 'admin' is set on object 'Object Repository/Test Hapus Delivery Order/Page_FinUP (Financial Integrated Applicatio_e626e9/input_Financial Integrated Applications - N_61d5e8'

2024-07-17 10:06:51 - [TEST_STEP][PASSED] - takeFullPageScreenshot(): Taking screenshot successfully

2024-07-17 10:06:51 - [MESSAGE][INFO] - 0 hidden object(s)

2024-07-17 10:06:51 - [MESSAGE][PASSED] - Taking screenshot successfully
[[ATTACHMENT|C:\\Users\\PTI\\Katalon Studio\\Testing-2-master\\Reports\\20240717_093915\\Test Kontrak Harga Satuan\\20240717_093915\\1721185611334.png]]

2024-07-17 10:06:51 - [TEST_STEP][PASSED] - setEncryptedText(findTestObject("Object Repository/Test Hapus Delivery Order/Page_FinUP (Financial Integrated Applicatio_e626e9/input_Financial Integrated Applications - N_61d5e8_1"), "RAIVpflpDOg="): Text ****** has been set on object 'Object Repository/Test Hapus Delivery Order/Page_FinUP (Financial Integrated Applicatio_e626e9/input_Financial Integrated Applications - N_61d5e8_1'

2024-07-17 10:06:52 - [MESSAGE][PASSED] - Text ****** has been set on object 'Object Repository/Test Hapus Delivery Order/Page_FinUP (Financial Integrated Applicatio_e626e9/input_Financial Integrated Applications - N_61d5e8_1'

2024-07-17 10:06:52 - [TEST_STEP][PASSED] - takeFullPageScreenshot(): Taking screenshot successfully

2024-07-17 10:06:52 - [MESSAGE][INFO] - 0 hidden object(s)

2024-07-17 10:06:52 - [MESSAGE][PASSED] - Taking screenshot successfully
[[ATTACHMENT|C:\\Users\\PTI\\Katalon Studio\\Testing-2-master\\Reports\\20240717_093915\\Test Kontrak Harga Satuan\\20240717_093915\\1721185612248.png]]

2024-07-17 10:06:52 - [TEST_STEP][PASSED] - enhancedClick(findTestObject("Object Repository/Test Hapus Delivery Order/Page_FinUP (Financial Integrated Applicatio_e626e9/span_Sign In_p-ink p-ink-active")): Object: 'Object Repository/Test Hapus Delivery Order/Page_FinUP (Financial Integrated Applicatio_e626e9/span_Sign In_p-ink p-ink-active' is clicked on

2024-07-17 10:07:23 - [MESSAGE][PASSED] - Object: 'Object Repository/Test Hapus Delivery Order/Page_FinUP (Financial Integrated Applicatio_e626e9/span_Sign In_p-ink p-ink-active' is clicked on

2024-07-17 10:07:23 - [TEST_STEP][PASSED] - delay(10): Delayed 10 second(s)

2024-07-17 10:07:33 - [MESSAGE][PASSED] - Delayed 10 second(s)

2024-07-17 10:07:33 - [TEST_STEP][PASSED] - takeFullPageScreenshot(): Taking screenshot successfully

2024-07-17 10:07:35 - [MESSAGE][INFO] - 0 hidden object(s)

2024-07-17 10:07:35 - [MESSAGE][PASSED] - Taking screenshot successfully
[[ATTACHMENT|C:\\Users\\PTI\\Katalon Studio\\Testing-2-master\\Reports\\20240717_093915\\Test Kontrak Harga Satuan\\20240717_093915\\1721185653604.png]]

2024-07-17 10:07:35 - [TEST_STEP][PASSED] - click(findTestObject("Object Repository/Test Hapus Delivery Order/Page_FinUP (Financial Integrated Applicatio_e626e9/div_Contract Management")): Object: 'Object Repository/Test Hapus Delivery Order/Page_FinUP (Financial Integrated Applicatio_e626e9/div_Contract Management' is clicked on

2024-07-17 10:07:36 - [MESSAGE][PASSED] - Object: 'Object Repository/Test Hapus Delivery Order/Page_FinUP (Financial Integrated Applicatio_e626e9/div_Contract Management' is clicked on

2024-07-17 10:07:36 - [TEST_STEP][PASSED] - takeFullPageScreenshot(): Taking screenshot successfully

2024-07-17 10:07:37 - [MESSAGE][INFO] - 0 hidden object(s)

2024-07-17 10:07:37 - [MESSAGE][PASSED] - Taking screenshot successfully
[[ATTACHMENT|C:\\Users\\PTI\\Katalon Studio\\Testing-2-master\\Reports\\20240717_093915\\Test Kontrak Harga Satuan\\20240717_093915\\1721185656697.png]]

2024-07-17 10:07:37 - [TEST_STEP][PASSED] - enhancedClick(findTestObject("Object Repository/Test Hapus Delivery Order/Page_FinUP (Financial Integrated Applicatio_e626e9/a_Kontrak Harga Satuan")): Object: 'Object Repository/Test Hapus Delivery Order/Page_FinUP (Financial Integrated Applicatio_e626e9/a_Kontrak Harga Satuan' is clicked on

2024-07-17 10:07:38 - [MESSAGE][PASSED] - Object: 'Object Repository/Test Hapus Delivery Order/Page_FinUP (Financial Integrated Applicatio_e626e9/a_Kontrak Harga Satuan' is clicked on

2024-07-17 10:07:38 - [TEST_STEP][PASSED] - takeFullPageScreenshot(): Taking screenshot successfully

2024-07-17 10:07:38 - [MESSAGE][INFO] - 0 hidden object(s)

2024-07-17 10:07:38 - [MESSAGE][PASSED] - Taking screenshot successfully
[[ATTACHMENT|C:\\Users\\PTI\\Katalon Studio\\Testing-2-master\\Reports\\20240717_093915\\Test Kontrak Harga Satuan\\20240717_093915\\1721185658360.png]]

2024-07-17 10:07:38 - [TEST_STEP][PASSED] - enhancedClick(findTestObject("Object Repository/Test Hapus Delivery Order/Page_FinUP (Financial Integrated Applicatio_e626e9/td_Test")): Object: 'Object Repository/Test Hapus Delivery Order/Page_FinUP (Financial Integrated Applicatio_e626e9/td_Test' is clicked on

2024-07-17 10:07:39 - [MESSAGE][PASSED] - Object: 'Object Repository/Test Hapus Delivery Order/Page_FinUP (Financial Integrated Applicatio_e626e9/td_Test' is clicked on

2024-07-17 10:07:39 - [TEST_STEP][PASSED] - takeFullPageScreenshot(): Taking screenshot successfully

2024-07-17 10:07:39 - [MESSAGE][INFO] - 0 hidden object(s)

2024-07-17 10:07:40 - [MESSAGE][PASSED] - Taking screenshot successfully
[[ATTACHMENT|C:\\Users\\PTI\\Katalon Studio\\Testing-2-master\\Reports\\20240717_093915\\Test Kontrak Harga Satuan\\20240717_093915\\1721185659507.png]]

2024-07-17 10:07:40 - [TEST_STEP][PASSED] - click(findTestObject("Object Repository/Test Hapus Delivery Order/Page_FinUP (Financial Integrated Applicatio_e626e9/button_Edit")): Object: 'Object Repository/Test Hapus Delivery Order/Page_FinUP (Financial Integrated Applicatio_e626e9/button_Edit' is clicked on

2024-07-17 10:07:40 - [MESSAGE][PASSED] - Object: 'Object Repository/Test Hapus Delivery Order/Page_FinUP (Financial Integrated Applicatio_e626e9/button_Edit' is clicked on

2024-07-17 10:07:40 - [TEST_STEP][PASSED] - takeFullPageScreenshot(): Taking screenshot successfully

2024-07-17 10:07:41 - [MESSAGE][INFO] - 0 hidden object(s)

2024-07-17 10:07:41 - [MESSAGE][PASSED] - Taking screenshot successfully
[[ATTACHMENT|C:\\Users\\PTI\\Katalon Studio\\Testing-2-master\\Reports\\20240717_093915\\Test Kontrak Harga Satuan\\20240717_093915\\1721185660488.png]]

2024-07-17 10:07:41 - [TEST_STEP][PASSED] - enhancedClick(findTestObject("Object Repository/Test Hapus Delivery Order/Page_FinUP (Financial Integrated Applicatio_e626e9/td_Test_1")): Object: 'Object Repository/Test Hapus Delivery Order/Page_FinUP (Financial Integrated Applicatio_e626e9/td_Test_1' is clicked on

2024-07-17 10:07:41 - [MESSAGE][PASSED] - Object: 'Object Repository/Test Hapus Delivery Order/Page_FinUP (Financial Integrated Applicatio_e626e9/td_Test_1' is clicked on

2024-07-17 10:07:41 - [TEST_STEP][PASSED] - takeFullPageScreenshot(): Taking screenshot successfully

2024-07-17 10:07:42 - [MESSAGE][INFO] - 0 hidden object(s)

2024-07-17 10:07:42 - [MESSAGE][PASSED] - Taking screenshot successfully
[[ATTACHMENT|C:\\Users\\PTI\\Katalon Studio\\Testing-2-master\\Reports\\20240717_093915\\Test Kontrak Harga Satuan\\20240717_093915\\1721185661770.png]]

2024-07-17 10:07:42 - [TEST_STEP][PASSED] - click(findTestObject("Object Repository/Test Hapus Delivery Order/Page_FinUP (Financial Integrated Applicatio_e626e9/button_Hapus")): Object: 'Object Repository/Test Hapus Delivery Order/Page_FinUP (Financial Integrated Applicatio_e626e9/button_Hapus' is clicked on

2024-07-17 10:07:42 - [MESSAGE][PASSED] - Object: 'Object Repository/Test Hapus Delivery Order/Page_FinUP (Financial Integrated Applicatio_e626e9/button_Hapus' is clicked on

2024-07-17 10:07:42 - [TEST_STEP][PASSED] - takeFullPageScreenshot(): Taking screenshot successfully

2024-07-17 10:07:43 - [MESSAGE][INFO] - 0 hidden object(s)

2024-07-17 10:07:43 - [MESSAGE][PASSED] - Taking screenshot successfully
[[ATTACHMENT|C:\\Users\\PTI\\Katalon Studio\\Testing-2-master\\Reports\\20240717_093915\\Test Kontrak Harga Satuan\\20240717_093915\\1721185662678.png]]

2024-07-17 10:07:43 - [TEST_STEP][PASSED] - click(findTestObject("Object Repository/Test Hapus Delivery Order/Page_FinUP (Financial Integrated Applicatio_e626e9/button_Yes")): Object: 'Object Repository/Test Hapus Delivery Order/Page_FinUP (Financial Integrated Applicatio_e626e9/button_Yes' is clicked on

2024-07-17 10:07:43 - [MESSAGE][PASSED] - Object: 'Object Repository/Test Hapus Delivery Order/Page_FinUP (Financial Integrated Applicatio_e626e9/button_Yes' is clicked on

2024-07-17 10:07:43 - [TEST_STEP][PASSED] - takeFullPageScreenshot(): Taking screenshot successfully

2024-07-17 10:07:43 - [MESSAGE][INFO] - 0 hidden object(s)

2024-07-17 10:07:44 - [MESSAGE][PASSED] - Taking screenshot successfully
[[ATTACHMENT|C:\\Users\\PTI\\Katalon Studio\\Testing-2-master\\Reports\\20240717_093915\\Test Kontrak Harga Satuan\\20240717_093915\\1721185663620.png]]]]></system-out>
         <system-err><![CDATA[]]></system-err>
      </testcase>
      <system-out><![CDATA[2024-07-17 09:39:22 - [TEST_SUITE][PASSED] - Test Kontrak Harga Satuan: Test Cases/Test Hapus Daftar Delivery Order]]></system-out>
      <system-err><![CDATA[]]></system-err>
   </testsuite>
</testsuites>
